<?xml version="1.0" encoding="UTF-8"?>
<testsuite xmlns:xsi="http://www.w3.org/2001/XMLSchema-instance" xsi:noNamespaceSchemaLocation="https://maven.apache.org/surefire/maven-surefire-plugin/xsd/surefire-test-report.xsd" name="io.quarkus.workshop.superheroes.villain.VillainResourceTest" time="46.952" tests="13" errors="1" skipped="12" failures="0">
  <properties>
[...]
</properties>
  <testcase name="shouldGetInitialItems" classname="io.quarkus.workshop.superheroes.villain.VillainResourceTest" time="0.006">
    <error message="java.lang.reflect.InvocationTargetException" type="java.lang.RuntimeException">java.lang.RuntimeException: java.lang.reflect.InvocationTargetException
Caused by: java.lang.reflect.InvocationTargetException
Caused by: java.lang.RuntimeException: Error waiting for test resource future to finish.
Caused by: java.util.concurrent.ExecutionException: java.lang.RuntimeException: Unable to start Quarkus test resource io.quarkus.workshop.superheroes.villain.DatabaseResource@451507b9
Caused by: java.lang.RuntimeException: Unable to start Quarkus test resource io.quarkus.workshop.superheroes.villain.DatabaseResource@451507b9
Caused by: java.lang.IllegalStateException: Could not find a valid Docker environment. Please see logs and check configuration
</error>
    <system-out><![CDATA[Downloading from central: https://repo.maven.apache.org/maven2/io/quarkus/quarkus-resteasy-deployment/1.12.0.Final/quarkus-resteasy-deployment-1.12.0.Final.pom
Progress (1): quarkus-resteasy-deployment-1.12.0.Final.pom (2.7/3.8 kB)Progress (1): quarkus-resteasy-deployment-1.12.0.Final.pom (3.8 kB)                                                                       Downloaded from central: https://repo.maven.apache.org/maven2/io/quarkus/quarkus-resteasy-deployment/1.12.0.Final/quarkus-resteasy-deployment-1.12.0.Final.pom (3.8 kB at 6.5 kB/s)
Downloading from central: https://repo.maven.apache.org/maven2/io/quarkus/quarkus-resteasy-server-common-deployment/1.12.0.Final/quarkus-resteasy-server-common-deployment-1.12.0.Final.pom
Progress (1): quarkus-resteasy-server-common-deployment-1.12.0.Final.pom (2.2 kB)                                                                                 Downloaded from central: https://repo.maven.apache.org/maven2/io/quarkus/quarkus-resteasy-server-common-deployment/1.12.0.Final/quarkus-resteasy-server-common-deployment-1.12.0.Final.pom (2.2 kB at 9.2 kB/s)
Downloading from central: https://repo.maven.apache.org/maven2/org/jsoup/jsoup/1.11.3/jsoup-1.11.3.pom
Progress (1): jsoup-1.11.3.pom (2.7/8.3 kB)Progress (1): jsoup-1.11.3.pom (5.5/8.3 kB)Progress (1): jsoup-1.11.3.pom (8.2/8.3 kB)Progress (1): jsoup-1.11.3.pom (8.3 kB)                                           Downloaded from central: https://repo.maven.apache.org/maven2/org/jsoup/jsoup/1.11.3/jsoup-1.11.3.pom (8.3 kB at 260 kB/s)
Downloading from central: https://repo.maven.apache.org/maven2/org/apache/maven/wagon/wagon-provider-api/3.3.3/wagon-provider-api-3.3.3.pom
Progress (1): wagon-provider-api-3.3.3.pom (1.9 kB)                                                   Downloaded from central: https://repo.maven.apache.org/maven2/org/apache/maven/wagon/wagon-provider-api/3.3.3/wagon-provider-api-3.3.3.pom (1.9 kB at 96 kB/s)
Downloading from central: https://repo.maven.apache.org/maven2/org/apache/maven/wagon/wagon/3.3.3/wagon-3.3.3.pom
Progress (1): wagon-3.3.3.pom (2.7/21 kB)Progress (1): wagon-3.3.3.pom (5.5/21 kB)Progress (1): wagon-3.3.3.pom (8.2/21 kB)Progress (1): wagon-3.3.3.pom (11/21 kB) Progress (1): wagon-3.3.3.pom (14/21 kB)Progress (1): wagon-3.3.3.pom (16/21 kB)Progress (1): wagon-3.3.3.pom (19/21 kB)Progress (1): wagon-3.3.3.pom (21 kB)                                        Downloaded from central: https://repo.maven.apache.org/maven2/org/apache/maven/wagon/wagon/3.3.3/wagon-3.3.3.pom (21 kB at 784 kB/s)
Downloading from central: https://repo.maven.apache.org/maven2/io/quarkus/quarkus-resteasy-common-deployment/1.12.0.Final/quarkus-resteasy-common-deployment-1.12.0.Final.pom
Progress (1): quarkus-resteasy-common-deployment-1.12.0.Final.pom (1.8 kB)                                                                          Downloaded from central: https://repo.maven.apache.org/maven2/io/quarkus/quarkus-resteasy-common-deployment/1.12.0.Final/quarkus-resteasy-common-deployment-1.12.0.Final.pom (1.8 kB at 8.1 kB/s)
Downloading from central: https://repo.maven.apache.org/maven2/io/quarkus/quarkus-resteasy-common-spi/1.12.0.Final/quarkus-resteasy-common-spi-1.12.0.Final.pom
Progress (1): quarkus-resteasy-common-spi-1.12.0.Final.pom (777 B)                                                                  Downloaded from central: https://repo.maven.apache.org/maven2/io/quarkus/quarkus-resteasy-common-spi/1.12.0.Final/quarkus-resteasy-common-spi-1.12.0.Final.pom (777 B at 3.5 kB/s)
Downloading from central: https://repo.maven.apache.org/maven2/io/quarkus/quarkus-resteasy-server-common-spi/1.12.0.Final/quarkus-resteasy-server-common-spi-1.12.0.Final.pom
Progress (1): quarkus-resteasy-server-common-spi-1.12.0.Final.pom (890 B)                                                                         Downloaded from central: https://repo.maven.apache.org/maven2/io/quarkus/quarkus-resteasy-server-common-spi/1.12.0.Final/quarkus-resteasy-server-common-spi-1.12.0.Final.pom (890 B at 2.8 kB/s)
Downloading from central: https://repo.maven.apache.org/maven2/io/quarkus/quarkus-undertow-spi/1.12.0.Final/quarkus-undertow-spi-1.12.0.Final.pom
Progress (1): quarkus-undertow-spi-1.12.0.Final.pom (2.0 kB)                                                            Downloaded from central: https://repo.maven.apache.org/maven2/io/quarkus/quarkus-undertow-spi/1.12.0.Final/quarkus-undertow-spi-1.12.0.Final.pom (2.0 kB at 9.0 kB/s)
Downloading from central: https://repo.maven.apache.org/maven2/io/quarkus/quarkus-http-parent/1.12.0.Final/quarkus-http-parent-1.12.0.Final.pom
Progress (1): quarkus-http-parent-1.12.0.Final.pom (770 B)                                                          Downloaded from central: https://repo.maven.apache.org/maven2/io/quarkus/quarkus-http-parent/1.12.0.Final/quarkus-http-parent-1.12.0.Final.pom (770 B at 3.4 kB/s)
Downloading from central: https://repo.maven.apache.org/maven2/io/quarkus/http/quarkus-http-servlet/3.0.18.Final/quarkus-http-servlet-3.0.18.Final.pom
Progress (1): quarkus-http-servlet-3.0.18.Final.pom (2.7/19 kB)Progress (1): quarkus-http-servlet-3.0.18.Final.pom (5.5/19 kB)Progress (1): quarkus-http-servlet-3.0.18.Final.pom (8.2/19 kB)Progress (1): quarkus-http-servlet-3.0.18.Final.pom (11/19 kB) Progress (1): quarkus-http-servlet-3.0.18.Final.pom (14/19 kB)Progress (1): quarkus-http-servlet-3.0.18.Final.pom (16/19 kB)Progress (1): quarkus-http-servlet-3.0.18.Final.pom (19/19 kB)Progress (1): quarkus-http-servlet-3.0.18.Final.pom (19 kB)                                                              Downloaded from central: https://repo.maven.apache.org/maven2/io/quarkus/http/quarkus-http-servlet/3.0.18.Final/quarkus-http-servlet-3.0.18.Final.pom (19 kB at 485 kB/s)
Downloading from central: https://repo.maven.apache.org/maven2/io/quarkus/http/quarkus-http-parent/3.0.18.Final/quarkus-http-parent-3.0.18.Final.pom
Progress (1): quarkus-http-parent-3.0.18.Final.pom (2.7/29 kB)Progress (1): quarkus-http-parent-3.0.18.Final.pom (5.5/29 kB)Progress (1): quarkus-http-parent-3.0.18.Final.pom (8.2/29 kB)Progress (1): quarkus-http-parent-3.0.18.Final.pom (11/29 kB) Progress (1): quarkus-http-parent-3.0.18.Final.pom (14/29 kB)Progress (1): quarkus-http-parent-3.0.18.Final.pom (16/29 kB)Progress (1): quarkus-http-parent-3.0.18.Final.pom (19/29 kB)Progress (1): quarkus-http-parent-3.0.18.Final.pom (22/29 kB)Progress (1): quarkus-http-parent-3.0.18.Final.pom (25/29 kB)Progress (1): quarkus-http-parent-3.0.18.Final.pom (27/29 kB)Progress (1): quarkus-http-parent-3.0.18.Final.pom (29 kB)                                                             Downloaded from central: https://repo.maven.apache.org/maven2/io/quarkus/http/quarkus-http-parent/3.0.18.Final/quarkus-http-parent-3.0.18.Final.pom (29 kB at 752 kB/s)
Downloading from central: https://repo.maven.apache.org/maven2/org/jboss/jboss-parent/28/jboss-parent-28.pom
Progress (1): jboss-parent-28.pom (2.7/35 kB)Progress (1): jboss-parent-28.pom (5.5/35 kB)Progress (1): jboss-parent-28.pom (8.2/35 kB)Progress (1): jboss-parent-28.pom (11/35 kB) Progress (1): jboss-parent-28.pom (14/35 kB)Progress (1): jboss-parent-28.pom (16/35 kB)Progress (1): jboss-parent-28.pom (19/35 kB)Progress (1): jboss-parent-28.pom (22/35 kB)Progress (1): jboss-parent-28.pom (25/35 kB)Progress (1): jboss-parent-28.pom (27/35 kB)Progress (1): jboss-parent-28.pom (30/35 kB)Progress (1): jboss-parent-28.pom (33/35 kB)Progress (1): jboss-parent-28.pom (35 kB)                                            Downloaded from central: https://repo.maven.apache.org/maven2/org/jboss/jboss-parent/28/jboss-parent-28.pom (35 kB at 1.4 MB/s)
Downloading from central: https://repo.maven.apache.org/maven2/io/quarkus/http/quarkus-http-core/3.0.18.Final/quarkus-http-core-3.0.18.Final.pom
Progress (1): quarkus-http-core-3.0.18.Final.pom (2.7/27 kB)Progress (1): quarkus-http-core-3.0.18.Final.pom (5.5/27 kB)Progress (1): quarkus-http-core-3.0.18.Final.pom (8.2/27 kB)Progress (1): quarkus-http-core-3.0.18.Final.pom (11/27 kB) Progress (1): quarkus-http-core-3.0.18.Final.pom (14/27 kB)Progress (1): quarkus-http-core-3.0.18.Final.pom (16/27 kB)Progress (1): quarkus-http-core-3.0.18.Final.pom (19/27 kB)Progress (1): quarkus-http-core-3.0.18.Final.pom (22/27 kB)Progress (1): quarkus-http-core-3.0.18.Final.pom (25/27 kB)Progress (1): quarkus-http-core-3.0.18.Final.pom (27 kB)                                                           Downloaded from central: https://repo.maven.apache.org/maven2/io/quarkus/http/quarkus-http-core/3.0.18.Final/quarkus-http-core-3.0.18.Final.pom (27 kB at 1.3 MB/s)
Downloading from central: https://repo.maven.apache.org/maven2/io/quarkus/http/quarkus-http-http-core/3.0.18.Final/quarkus-http-http-core-3.0.18.Final.pom
Progress (1): quarkus-http-http-core-3.0.18.Final.pom (2.7/4.9 kB)Progress (1): quarkus-http-http-core-3.0.18.Final.pom (4.9 kB)                                                                  Downloaded from central: https://repo.maven.apache.org/maven2/io/quarkus/http/quarkus-http-http-core/3.0.18.Final/quarkus-http-http-core-3.0.18.Final.pom (4.9 kB at 272 kB/s)
Downloading from central: https://repo.maven.apache.org/maven2/jakarta/servlet/jakarta.servlet-api/4.0.3/jakarta.servlet-api-4.0.3.pom
Progress (1): jakarta.servlet-api-4.0.3.pom (2.7/17 kB)Progress (1): jakarta.servlet-api-4.0.3.pom (5.5/17 kB)Progress (1): jakarta.servlet-api-4.0.3.pom (8.2/17 kB)Progress (1): jakarta.servlet-api-4.0.3.pom (11/17 kB) Progress (1): jakarta.servlet-api-4.0.3.pom (14/17 kB)Progress (1): jakarta.servlet-api-4.0.3.pom (16/17 kB)Progress (1): jakarta.servlet-api-4.0.3.pom (17 kB)                                                      Downloaded from central: https://repo.maven.apache.org/maven2/jakarta/servlet/jakarta.servlet-api/4.0.3/jakarta.servlet-api-4.0.3.pom (17 kB at 777 kB/s)
Downloading from central: https://repo.maven.apache.org/maven2/org/jboss/metadata/jboss-metadata-web/11.0.0.Final/jboss-metadata-web-11.0.0.Final.pom
Progress (1): jboss-metadata-web-11.0.0.Final.pom (2.7/4.7 kB)Progress (1): jboss-metadata-web-11.0.0.Final.pom (4.7 kB)                                                              Downloaded from central: https://repo.maven.apache.org/maven2/org/jboss/metadata/jboss-metadata-web/11.0.0.Final/jboss-metadata-web-11.0.0.Final.pom (4.7 kB at 233 kB/s)
Downloading from central: https://repo.maven.apache.org/maven2/org/jboss/metadata/jboss-as-parent-metadata/11.0.0.Final/jboss-as-parent-metadata-11.0.0.Final.pom
Progress (1): jboss-as-parent-metadata-11.0.0.Final.pom (2.7/17 kB)Progress (1): jboss-as-parent-metadata-11.0.0.Final.pom (5.5/17 kB)Progress (1): jboss-as-parent-metadata-11.0.0.Final.pom (8.2/17 kB)Progress (1): jboss-as-parent-metadata-11.0.0.Final.pom (11/17 kB) Progress (1): jboss-as-parent-metadata-11.0.0.Final.pom (14/17 kB)Progress (1): jboss-as-parent-metadata-11.0.0.Final.pom (16/17 kB)Progress (1): jboss-as-parent-metadata-11.0.0.Final.pom (17 kB)                                                                  Downloaded from central: https://repo.maven.apache.org/maven2/org/jboss/metadata/jboss-as-parent-metadata/11.0.0.Final/jboss-as-parent-metadata-11.0.0.Final.pom (17 kB at 809 kB/s)
Downloading from central: https://repo.maven.apache.org/maven2/org/jboss/jboss-parent/16/jboss-parent-16.pom
Progress (1): jboss-parent-16.pom (4.1/32 kB)Progress (1): jboss-parent-16.pom (8.2/32 kB)Progress (1): jboss-parent-16.pom (12/32 kB) Progress (1): jboss-parent-16.pom (16/32 kB)Progress (1): jboss-parent-16.pom (20/32 kB)Progress (1): jboss-parent-16.pom (25/32 kB)Progress (1): jboss-parent-16.pom (29/32 kB)Progress (1): jboss-parent-16.pom (32 kB)                                            Downloaded from central: https://repo.maven.apache.org/maven2/org/jboss/jboss-parent/16/jboss-parent-16.pom (32 kB at 1.3 MB/s)
Downloading from central: https://repo.maven.apache.org/maven2/org/jboss/metadata/jboss-metadata-common/11.0.0.Final/jboss-metadata-common-11.0.0.Final.pom
Progress (1): jboss-metadata-common-11.0.0.Final.pom (4.0 kB)                                                             Downloaded from central: https://repo.maven.apache.org/maven2/org/jboss/metadata/jboss-metadata-common/11.0.0.Final/jboss-metadata-common-11.0.0.Final.pom (4.0 kB at 212 kB/s)
Downloading from central: https://repo.maven.apache.org/maven2/io/quarkus/quarkus-security-spi/1.12.0.Final/quarkus-security-spi-1.12.0.Final.pom
Progress (1): quarkus-security-spi-1.12.0.Final.pom (1.5 kB)                                                            Downloaded from central: https://repo.maven.apache.org/maven2/io/quarkus/quarkus-security-spi/1.12.0.Final/quarkus-security-spi-1.12.0.Final.pom (1.5 kB at 5.5 kB/s)
Downloading from central: https://repo.maven.apache.org/maven2/io/quarkus/quarkus-resteasy-jsonb-deployment/1.12.0.Final/quarkus-resteasy-jsonb-deployment-1.12.0.Final.pom
Progress (1): quarkus-resteasy-jsonb-deployment-1.12.0.Final.pom (2.2 kB)                                                                         Downloaded from central: https://repo.maven.apache.org/maven2/io/quarkus/quarkus-resteasy-jsonb-deployment/1.12.0.Final/quarkus-resteasy-jsonb-deployment-1.12.0.Final.pom (2.2 kB at 9.9 kB/s)
Downloading from central: https://repo.maven.apache.org/maven2/io/quarkus/quarkus-jsonb-deployment/1.12.0.Final/quarkus-jsonb-deployment-1.12.0.Final.pom
Progress (1): quarkus-jsonb-deployment-1.12.0.Final.pom (2.1 kB)                                                                Downloaded from central: https://repo.maven.apache.org/maven2/io/quarkus/quarkus-jsonb-deployment/1.12.0.Final/quarkus-jsonb-deployment-1.12.0.Final.pom (2.1 kB at 9.4 kB/s)
Downloading from central: https://repo.maven.apache.org/maven2/io/quarkus/quarkus-jsonb-spi/1.12.0.Final/quarkus-jsonb-spi-1.12.0.Final.pom
Progress (1): quarkus-jsonb-spi-1.12.0.Final.pom (829 B)                                                        Downloaded from central: https://repo.maven.apache.org/maven2/io/quarkus/quarkus-jsonb-spi/1.12.0.Final/quarkus-jsonb-spi-1.12.0.Final.pom (829 B at 3.8 kB/s)
Downloading from central: https://repo.maven.apache.org/maven2/io/quarkus/quarkus-hibernate-orm-panache-deployment/1.12.0.Final/quarkus-hibernate-orm-panache-deployment-1.12.0.Final.pom
Progress (1): quarkus-hibernate-orm-panache-deployment-1.12.0.Final.pom (3.2 kB)                                                                                Downloaded from central: https://repo.maven.apache.org/maven2/io/quarkus/quarkus-hibernate-orm-panache-deployment/1.12.0.Final/quarkus-hibernate-orm-panache-deployment-1.12.0.Final.pom (3.2 kB at 14 kB/s)
Downloading from central: https://repo.maven.apache.org/maven2/io/quarkus/quarkus-hibernate-orm-panache-common-deployment/1.12.0.Final/quarkus-hibernate-orm-panache-common-deployment-1.12.0.Final.pom
Progress (1): quarkus-hibernate-orm-panache-common-deployment-1.12.0.Final.pom (2.3 kB)                                                                                       Downloaded from central: https://repo.maven.apache.org/maven2/io/quarkus/quarkus-hibernate-orm-panache-common-deployment/1.12.0.Final/quarkus-hibernate-orm-panache-common-deployment-1.12.0.Final.pom (2.3 kB at 10 kB/s)
Downloading from central: https://repo.maven.apache.org/maven2/io/quarkus/quarkus-panache-common-deployment/1.12.0.Final/quarkus-panache-common-deployment-1.12.0.Final.pom
Progress (1): quarkus-panache-common-deployment-1.12.0.Final.pom (1.5 kB)                                                                         Downloaded from central: https://repo.maven.apache.org/maven2/io/quarkus/quarkus-panache-common-deployment/1.12.0.Final/quarkus-panache-common-deployment-1.12.0.Final.pom (1.5 kB at 5.1 kB/s)
Downloading from central: https://repo.maven.apache.org/maven2/io/quarkus/quarkus-hibernate-orm-deployment/1.12.0.Final/quarkus-hibernate-orm-deployment-1.12.0.Final.pom
Progress (1): quarkus-hibernate-orm-deployment-1.12.0.Final.pom (3.6 kB)                                                                        Downloaded from central: https://repo.maven.apache.org/maven2/io/quarkus/quarkus-hibernate-orm-deployment/1.12.0.Final/quarkus-hibernate-orm-deployment-1.12.0.Final.pom (3.6 kB at 17 kB/s)
Downloading from central: https://repo.maven.apache.org/maven2/io/quarkus/quarkus-narayana-jta-deployment/1.12.0.Final/quarkus-narayana-jta-deployment-1.12.0.Final.pom
Progress (1): quarkus-narayana-jta-deployment-1.12.0.Final.pom (2.0 kB)                                                                       Downloaded from central: https://repo.maven.apache.org/maven2/io/quarkus/quarkus-narayana-jta-deployment/1.12.0.Final/quarkus-narayana-jta-deployment-1.12.0.Final.pom (2.0 kB at 5.9 kB/s)
Downloading from central: https://repo.maven.apache.org/maven2/io/quarkus/quarkus-mutiny-deployment/1.12.0.Final/quarkus-mutiny-deployment-1.12.0.Final.pom
Progress (1): quarkus-mutiny-deployment-1.12.0.Final.pom (2.0 kB)                                                                 Downloaded from central: https://repo.maven.apache.org/maven2/io/quarkus/quarkus-mutiny-deployment/1.12.0.Final/quarkus-mutiny-deployment-1.12.0.Final.pom (2.0 kB at 9.2 kB/s)
Downloading from central: https://repo.maven.apache.org/maven2/io/quarkus/quarkus-smallrye-context-propagation-deployment/1.12.0.Final/quarkus-smallrye-context-propagation-deployment-1.12.0.Final.pom
Progress (1): quarkus-smallrye-context-propagation-deployment-1.12.0.Final.pom (1.7 kB)                                                                                       Downloaded from central: https://repo.maven.apache.org/maven2/io/quarkus/quarkus-smallrye-context-propagation-deployment/1.12.0.Final/quarkus-smallrye-context-propagation-deployment-1.12.0.Final.pom (1.7 kB at 7.7 kB/s)
Downloading from central: https://repo.maven.apache.org/maven2/io/quarkus/quarkus-agroal-deployment/1.12.0.Final/quarkus-agroal-deployment-1.12.0.Final.pom
Progress (1): quarkus-agroal-deployment-1.12.0.Final.pom (3.9 kB)                                                                 Downloaded from central: https://repo.maven.apache.org/maven2/io/quarkus/quarkus-agroal-deployment/1.12.0.Final/quarkus-agroal-deployment-1.12.0.Final.pom (3.9 kB at 18 kB/s)
Downloading from central: https://repo.maven.apache.org/maven2/io/quarkus/quarkus-datasource-deployment/1.12.0.Final/quarkus-datasource-deployment-1.12.0.Final.pom
Progress (1): quarkus-datasource-deployment-1.12.0.Final.pom (1.7 kB)                                                                     Downloaded from central: https://repo.maven.apache.org/maven2/io/quarkus/quarkus-datasource-deployment/1.12.0.Final/quarkus-datasource-deployment-1.12.0.Final.pom (1.7 kB at 7.6 kB/s)
Downloading from central: https://repo.maven.apache.org/maven2/io/quarkus/quarkus-agroal-spi/1.12.0.Final/quarkus-agroal-spi-1.12.0.Final.pom
Progress (1): quarkus-agroal-spi-1.12.0.Final.pom (1.1 kB)                                                          Downloaded from central: https://repo.maven.apache.org/maven2/io/quarkus/quarkus-agroal-spi/1.12.0.Final/quarkus-agroal-spi-1.12.0.Final.pom (1.1 kB at 5.1 kB/s)
Downloading from central: https://repo.maven.apache.org/maven2/io/quarkus/quarkus-credentials-deployment/1.12.0.Final/quarkus-credentials-deployment-1.12.0.Final.pom
Progress (1): quarkus-credentials-deployment-1.12.0.Final.pom (1.7 kB)                                                                      Downloaded from central: https://repo.maven.apache.org/maven2/io/quarkus/quarkus-credentials-deployment/1.12.0.Final/quarkus-credentials-deployment-1.12.0.Final.pom (1.7 kB at 7.6 kB/s)
Downloading from central: https://repo.maven.apache.org/maven2/io/quarkus/quarkus-smallrye-health-spi/1.12.0.Final/quarkus-smallrye-health-spi-1.12.0.Final.pom
Progress (1): quarkus-smallrye-health-spi-1.12.0.Final.pom (776 B)                                                                  Downloaded from central: https://repo.maven.apache.org/maven2/io/quarkus/quarkus-smallrye-health-spi/1.12.0.Final/quarkus-smallrye-health-spi-1.12.0.Final.pom (776 B at 2.9 kB/s)
Downloading from central: https://repo.maven.apache.org/maven2/io/quarkus/quarkus-caffeine-deployment/1.12.0.Final/quarkus-caffeine-deployment-1.12.0.Final.pom
Progress (1): quarkus-caffeine-deployment-1.12.0.Final.pom (1.5 kB)                                                                   Downloaded from central: https://repo.maven.apache.org/maven2/io/quarkus/quarkus-caffeine-deployment/1.12.0.Final/quarkus-caffeine-deployment-1.12.0.Final.pom (1.5 kB at 6.8 kB/s)
Downloading from central: https://repo.maven.apache.org/maven2/io/quarkus/quarkus-panache-hibernate-common-deployment/1.12.0.Final/quarkus-panache-hibernate-common-deployment-1.12.0.Final.pom
Progress (1): quarkus-panache-hibernate-common-deployment-1.12.0.Final.pom (1.4 kB)                                                                                   Downloaded from central: https://repo.maven.apache.org/maven2/io/quarkus/quarkus-panache-hibernate-common-deployment/1.12.0.Final/quarkus-panache-hibernate-common-deployment-1.12.0.Final.pom (1.4 kB at 6.4 kB/s)
Downloading from central: https://repo.maven.apache.org/maven2/io/quarkus/quarkus-jdbc-postgresql-deployment/1.12.0.Final/quarkus-jdbc-postgresql-deployment-1.12.0.Final.pom
Progress (1): quarkus-jdbc-postgresql-deployment-1.12.0.Final.pom (1.8 kB)                                                                          Downloaded from central: https://repo.maven.apache.org/maven2/io/quarkus/quarkus-jdbc-postgresql-deployment/1.12.0.Final/quarkus-jdbc-postgresql-deployment-1.12.0.Final.pom (1.8 kB at 8.3 kB/s)
Downloading from central: https://repo.maven.apache.org/maven2/io/quarkus/quarkus-hibernate-validator-deployment/1.12.0.Final/quarkus-hibernate-validator-deployment-1.12.0.Final.pom
Progress (1): quarkus-hibernate-validator-deployment-1.12.0.Final.pom (3.0 kB)                                                                              Downloaded from central: https://repo.maven.apache.org/maven2/io/quarkus/quarkus-hibernate-validator-deployment/1.12.0.Final/quarkus-hibernate-validator-deployment-1.12.0.Final.pom (3.0 kB at 8.0 kB/s)
Downloading from central: https://repo.maven.apache.org/maven2/io/quarkus/quarkus-hibernate-validator-spi/1.12.0.Final/quarkus-hibernate-validator-spi-1.12.0.Final.pom
Progress (1): quarkus-hibernate-validator-spi-1.12.0.Final.pom (884 B)                                                                      Downloaded from central: https://repo.maven.apache.org/maven2/io/quarkus/quarkus-hibernate-validator-spi/1.12.0.Final/quarkus-hibernate-validator-spi-1.12.0.Final.pom (884 B at 3.9 kB/s)
Downloading from central: https://repo.maven.apache.org/maven2/io/quarkus/quarkus-resteasy-reactive-spi-deployment/1.12.0.Final/quarkus-resteasy-reactive-spi-deployment-1.12.0.Final.pom
Progress (1): quarkus-resteasy-reactive-spi-deployment-1.12.0.Final.pom (963 B)                                                                               Downloaded from central: https://repo.maven.apache.org/maven2/io/quarkus/quarkus-resteasy-reactive-spi-deployment/1.12.0.Final/quarkus-resteasy-reactive-spi-deployment-1.12.0.Final.pom (963 B at 4.4 kB/s)
Downloading from central: https://repo.maven.apache.org/maven2/io/quarkus/quarkus-resteasy-reactive-common-parent/1.12.0.Final/quarkus-resteasy-reactive-common-parent-1.12.0.Final.pom
Progress (1): quarkus-resteasy-reactive-common-parent-1.12.0.Final.pom (837 B)                                                                              Downloaded from central: https://repo.maven.apache.org/maven2/io/quarkus/quarkus-resteasy-reactive-common-parent/1.12.0.Final/quarkus-resteasy-reactive-common-parent-1.12.0.Final.pom (837 B at 3.8 kB/s)
Downloading from central: https://repo.maven.apache.org/maven2/io/quarkus/quarkus-resteasy-reactive-parent-aggregator/1.12.0.Final/quarkus-resteasy-reactive-parent-aggregator-1.12.0.Final.pom
Progress (1): quarkus-resteasy-reactive-parent-aggregator-1.12.0.Final.pom (1.1 kB)                                                                                   Downloaded from central: https://repo.maven.apache.org/maven2/io/quarkus/quarkus-resteasy-reactive-parent-aggregator/1.12.0.Final/quarkus-resteasy-reactive-parent-aggregator-1.12.0.Final.pom (1.1 kB at 5.2 kB/s)
Downloading from central: https://repo.maven.apache.org/maven2/io/quarkus/quarkus-smallrye-openapi-deployment/1.12.0.Final/quarkus-smallrye-openapi-deployment-1.12.0.Final.pom
Progress (1): quarkus-smallrye-openapi-deployment-1.12.0.Final.pom (3.4 kB)                                                                           Downloaded from central: https://repo.maven.apache.org/maven2/io/quarkus/quarkus-smallrye-openapi-deployment/1.12.0.Final/quarkus-smallrye-openapi-deployment-1.12.0.Final.pom (3.4 kB at 16 kB/s)
Downloading from central: https://repo.maven.apache.org/maven2/io/quarkus/quarkus-smallrye-openapi-spi/1.12.0.Final/quarkus-smallrye-openapi-spi-1.12.0.Final.pom
Progress (1): quarkus-smallrye-openapi-spi-1.12.0.Final.pom (934 B)                                                                   Downloaded from central: https://repo.maven.apache.org/maven2/io/quarkus/quarkus-smallrye-openapi-spi/1.12.0.Final/quarkus-smallrye-openapi-spi-1.12.0.Final.pom (934 B at 4.3 kB/s)
Downloading from central: https://repo.maven.apache.org/maven2/io/quarkus/quarkus-smallrye-openapi-common-deployment/1.12.0.Final/quarkus-smallrye-openapi-common-deployment-1.12.0.Final.pom
Progress (1): quarkus-smallrye-openapi-common-deployment-1.12.0.Final.pom (1.4 kB)                                                                                  Downloaded from central: https://repo.maven.apache.org/maven2/io/quarkus/quarkus-smallrye-openapi-common-deployment/1.12.0.Final/quarkus-smallrye-openapi-common-deployment-1.12.0.Final.pom (1.4 kB at 4.3 kB/s)
Downloading from central: https://repo.maven.apache.org/maven2/io/quarkus/quarkus-smallrye-openapi-common-parent/1.12.0.Final/quarkus-smallrye-openapi-common-parent-1.12.0.Final.pom
Progress (1): quarkus-smallrye-openapi-common-parent-1.12.0.Final.pom (744 B)                                                                             Downloaded from central: https://repo.maven.apache.org/maven2/io/quarkus/quarkus-smallrye-openapi-common-parent/1.12.0.Final/quarkus-smallrye-openapi-common-parent-1.12.0.Final.pom (744 B at 3.4 kB/s)
Downloading from central: https://repo.maven.apache.org/maven2/io/quarkus/quarkus-swagger-ui-deployment/1.12.0.Final/quarkus-swagger-ui-deployment-1.12.0.Final.pom
Progress (1): quarkus-swagger-ui-deployment-1.12.0.Final.pom (2.4 kB)                                                                     Downloaded from central: https://repo.maven.apache.org/maven2/io/quarkus/quarkus-swagger-ui-deployment/1.12.0.Final/quarkus-swagger-ui-deployment-1.12.0.Final.pom (2.4 kB at 9.8 kB/s)
Downloading from central: https://repo.maven.apache.org/maven2/io/smallrye/smallrye-open-api-ui/2.0.22/smallrye-open-api-ui-2.0.22.pom
Progress (1): smallrye-open-api-ui-2.0.22.pom (4.1/6.2 kB)Progress (1): smallrye-open-api-ui-2.0.22.pom (6.2 kB)                                                          Downloaded from central: https://repo.maven.apache.org/maven2/io/smallrye/smallrye-open-api-ui/2.0.22/smallrye-open-api-ui-2.0.22.pom (6.2 kB at 344 kB/s)
Downloading from central: https://repo.maven.apache.org/maven2/io/smallrye/smallrye-open-api-ui-parent/2.0.22/smallrye-open-api-ui-parent-2.0.22.pom
Progress (1): smallrye-open-api-ui-parent-2.0.22.pom (713 B)                                                            Downloaded from central: https://repo.maven.apache.org/maven2/io/smallrye/smallrye-open-api-ui-parent/2.0.22/smallrye-open-api-ui-parent-2.0.22.pom (713 B at 40 kB/s)
Downloading from central: https://repo.maven.apache.org/maven2/io/smallrye/smallrye-open-api-jaxrs/2.0.22/smallrye-open-api-jaxrs-2.0.22.pom
Progress (1): smallrye-open-api-jaxrs-2.0.22.pom (4.1/7.5 kB)Progress (1): smallrye-open-api-jaxrs-2.0.22.pom (7.5 kB)                                                             Downloaded from central: https://repo.maven.apache.org/maven2/io/smallrye/smallrye-open-api-jaxrs/2.0.22/smallrye-open-api-jaxrs-2.0.22.pom (7.5 kB at 324 kB/s)
Downloading from central: https://repo.maven.apache.org/maven2/io/smallrye/smallrye-open-api-spring/2.0.22/smallrye-open-api-spring-2.0.22.pom
Progress (1): smallrye-open-api-spring-2.0.22.pom (3.7 kB)                                                          Downloaded from central: https://repo.maven.apache.org/maven2/io/smallrye/smallrye-open-api-spring/2.0.22/smallrye-open-api-spring-2.0.22.pom (3.7 kB at 177 kB/s)
Downloading from central: https://repo.maven.apache.org/maven2/io/smallrye/smallrye-open-api-vertx/2.0.22/smallrye-open-api-vertx-2.0.22.pom
Progress (1): smallrye-open-api-vertx-2.0.22.pom (3.2 kB)                                                         Downloaded from central: https://repo.maven.apache.org/maven2/io/smallrye/smallrye-open-api-vertx/2.0.22/smallrye-open-api-vertx-2.0.22.pom (3.2 kB at 162 kB/s)
Downloading from central: https://repo.maven.apache.org/maven2/io/quarkus/quarkus-smallrye-health-deployment/1.12.0.Final/quarkus-smallrye-health-deployment-1.12.0.Final.pom
Progress (1): quarkus-smallrye-health-deployment-1.12.0.Final.pom (3.2 kB)                                                                          Downloaded from central: https://repo.maven.apache.org/maven2/io/quarkus/quarkus-smallrye-health-deployment/1.12.0.Final/quarkus-smallrye-health-deployment-1.12.0.Final.pom (3.2 kB at 15 kB/s)
Downloading from central: https://repo.maven.apache.org/maven2/io/smallrye/smallrye-health-ui/2.2.5/smallrye-health-ui-2.2.5.pom
Progress (1): smallrye-health-ui-2.2.5.pom (4.1/4.4 kB)Progress (1): smallrye-health-ui-2.2.5.pom (4.4 kB)                                                       Downloaded from central: https://repo.maven.apache.org/maven2/io/smallrye/smallrye-health-ui/2.2.5/smallrye-health-ui-2.2.5.pom (4.4 kB at 208 kB/s)
Downloading from central: https://repo.maven.apache.org/maven2/io/quarkus/quarkus-smallrye-metrics-deployment/1.12.0.Final/quarkus-smallrye-metrics-deployment-1.12.0.Final.pom
Progress (1): quarkus-smallrye-metrics-deployment-1.12.0.Final.pom (3.5 kB)                                                                           Downloaded from central: https://repo.maven.apache.org/maven2/io/quarkus/quarkus-smallrye-metrics-deployment/1.12.0.Final/quarkus-smallrye-metrics-deployment-1.12.0.Final.pom (3.5 kB at 16 kB/s)
Downloading from central: https://repo.maven.apache.org/maven2/io/quarkus/quarkus-smallrye-metrics-spi/1.12.0.Final/quarkus-smallrye-metrics-spi-1.12.0.Final.pom
Progress (1): quarkus-smallrye-metrics-spi-1.12.0.Final.pom (1.2 kB)                                                                    Downloaded from central: https://repo.maven.apache.org/maven2/io/quarkus/quarkus-smallrye-metrics-spi/1.12.0.Final/quarkus-smallrye-metrics-spi-1.12.0.Final.pom (1.2 kB at 5.7 kB/s)
Downloading from central: https://repo.maven.apache.org/maven2/io/quarkus/quarkus-resteasy-common-deployment/1.12.0.Final/quarkus-resteasy-common-deployment-1.12.0.Final.jar
Downloading from central: https://repo.maven.apache.org/maven2/io/quarkus/quarkus-resteasy-server-common-deployment/1.12.0.Final/quarkus-resteasy-server-common-deployment-1.12.0.Final.jar
Downloading from central: https://repo.maven.apache.org/maven2/io/quarkus/http/quarkus-http-http-core/3.0.18.Final/quarkus-http-http-core-3.0.18.Final.jar
Downloading from central: https://repo.maven.apache.org/maven2/io/quarkus/http/quarkus-http-core/3.0.18.Final/quarkus-http-core-3.0.18.Final.jar
Downloading from central: https://repo.maven.apache.org/maven2/io/quarkus/http/quarkus-http-servlet/3.0.18.Final/quarkus-http-servlet-3.0.18.Final.jar
Progress (1): quarkus-http-servlet-3.0.18.Final.jar (2.7/498 kB)Progress (1): quarkus-http-servlet-3.0.18.Final.jar (5.5/498 kB)Progress (2): quarkus-http-servlet-3.0.18.Final.jar (5.5/498 kB) | quarkus-http-core-3.0.18.Final.jar (4.1/932 kB)Progress (3): quarkus-http-servlet-3.0.18.Final.jar (5.5/498 kB) | quarkus-http-core-3.0.18.Final.jar (4.1/932 kB) | quarkus-http-http-core-3.0.18.Final.jar (2.7/39 kB)Progress (3): quarkus-http-servlet-3.0.18.Final.jar (5.5/498 kB) | quarkus-http-core-3.0.18.Final.jar (8.2/932 kB) | quarkus-http-http-core-3.0.18.Final.jar (2.7/39 kB)Progress (3): quarkus-http-servlet-3.0.18.Final.jar (8.2/498 kB) | quarkus-http-core-3.0.18.Final.jar (8.2/932 kB) | quarkus-http-http-core-3.0.18.Final.jar (2.7/39 kB)Progress (3): quarkus-http-servlet-3.0.18.Final.jar (8.2/498 kB) | quarkus-http-core-3.0.18.Final.jar (8.2/932 kB) | quarkus-http-http-core-3.0.18.Final.jar (5.5/39 kB)Progress (3): quarkus-http-servlet-3.0.18.Final.jar (11/498 kB) | quarkus-http-core-3.0.18.Final.jar (8.2/932 kB) | quarkus-http-http-core-3.0.18.Final.jar (5.5/39 kB) Progress (3): quarkus-http-servlet-3.0.18.Final.jar (11/498 kB) | quarkus-http-core-3.0.18.Final.jar (12/932 kB) | quarkus-http-http-core-3.0.18.Final.jar (5.5/39 kB) Progress (3): quarkus-http-servlet-3.0.18.Final.jar (11/498 kB) | quarkus-http-core-3.0.18.Final.jar (12/932 kB) | quarkus-http-http-core-3.0.18.Final.jar (8.2/39 kB)Progress (3): quarkus-http-servlet-3.0.18.Final.jar (14/498 kB) | quarkus-http-core-3.0.18.Final.jar (12/932 kB) | quarkus-http-http-core-3.0.18.Final.jar (8.2/39 kB)Progress (3): quarkus-http-servlet-3.0.18.Final.jar (14/498 kB) | quarkus-http-core-3.0.18.Final.jar (12/932 kB) | quarkus-http-http-core-3.0.18.Final.jar (11/39 kB) Progress (3): quarkus-http-servlet-3.0.18.Final.jar (14/498 kB) | quarkus-http-core-3.0.18.Final.jar (16/932 kB) | quarkus-http-http-core-3.0.18.Final.jar (11/39 kB)Progress (3): quarkus-http-servlet-3.0.18.Final.jar (16/498 kB) | quarkus-http-core-3.0.18.Final.jar (16/932 kB) | quarkus-http-http-core-3.0.18.Final.jar (11/39 kB)Progress (3): quarkus-http-servlet-3.0.18.Final.jar (16/498 kB) | quarkus-http-core-3.0.18.Final.jar (16/932 kB) | quarkus-http-http-core-3.0.18.Final.jar (14/39 kB)Progress (3): quarkus-http-servlet-3.0.18.Final.jar (19/498 kB) | quarkus-http-core-3.0.18.Final.jar (16/932 kB) | quarkus-http-http-core-3.0.18.Final.jar (14/39 kB)Progress (3): quarkus-http-servlet-3.0.18.Final.jar (19/498 kB) | quarkus-http-core-3.0.18.Final.jar (21/932 kB) | quarkus-http-http-core-3.0.18.Final.jar (14/39 kB)Progress (3): quarkus-http-servlet-3.0.18.Final.jar (19/498 kB) | quarkus-http-core-3.0.18.Final.jar (21/932 kB) | quarkus-http-http-core-3.0.18.Final.jar (16/39 kB)Progress (3): quarkus-http-servlet-3.0.18.Final.jar (22/498 kB) | quarkus-http-core-3.0.18.Final.jar (21/932 kB) | quarkus-http-http-core-3.0.18.Final.jar (16/39 kB)Progress (3): quarkus-http-servlet-3.0.18.Final.jar (22/498 kB) | quarkus-http-core-3.0.18.Final.jar (25/932 kB) | quarkus-http-http-core-3.0.18.Final.jar (16/39 kB)Progress (3): quarkus-http-servlet-3.0.18.Final.jar (25/498 kB) | quarkus-http-core-3.0.18.Final.jar (25/932 kB) | quarkus-http-http-core-3.0.18.Final.jar (16/39 kB)Progress (3): quarkus-http-servlet-3.0.18.Final.jar (25/498 kB) | quarkus-http-core-3.0.18.Final.jar (29/932 kB) | quarkus-http-http-core-3.0.18.Final.jar (16/39 kB)Progress (3): quarkus-http-servlet-3.0.18.Final.jar (27/498 kB) | quarkus-http-core-3.0.18.Final.jar (29/932 kB) | quarkus-http-http-core-3.0.18.Final.jar (16/39 kB)Progress (3): quarkus-http-servlet-3.0.18.Final.jar (30/498 kB) | quarkus-http-core-3.0.18.Final.jar (29/932 kB) | quarkus-http-http-core-3.0.18.Final.jar (16/39 kB)Progress (3): quarkus-http-servlet-3.0.18.Final.jar (33/498 kB) | quarkus-http-core-3.0.18.Final.jar (29/932 kB) | quarkus-http-http-core-3.0.18.Final.jar (16/39 kB)Progress (3): quarkus-http-servlet-3.0.18.Final.jar (36/498 kB) | quarkus-http-core-3.0.18.Final.jar (29/932 kB) | quarkus-http-http-core-3.0.18.Final.jar (16/39 kB)Progress (3): quarkus-http-servlet-3.0.18.Final.jar (36/498 kB) | quarkus-http-core-3.0.18.Final.jar (33/932 kB) | quarkus-http-http-core-3.0.18.Final.jar (16/39 kB)Progress (3): quarkus-http-servlet-3.0.18.Final.jar (38/498 kB) | quarkus-http-core-3.0.18.Final.jar (33/932 kB) | quarkus-http-http-core-3.0.18.Final.jar (16/39 kB)Progress (3): quarkus-http-servlet-3.0.18.Final.jar (38/498 kB) | quarkus-http-core-3.0.18.Final.jar (33/932 kB) | quarkus-http-http-core-3.0.18.Final.jar (19/39 kB)Progress (3): quarkus-http-servlet-3.0.18.Final.jar (38/498 kB) | quarkus-http-core-3.0.18.Final.jar (37/932 kB) | quarkus-http-http-core-3.0.18.Final.jar (19/39 kB)Progress (3): quarkus-http-servlet-3.0.18.Final.jar (41/498 kB) | quarkus-http-core-3.0.18.Final.jar (37/932 kB) | quarkus-http-http-core-3.0.18.Final.jar (19/39 kB)Progress (3): quarkus-http-servlet-3.0.18.Final.jar (41/498 kB) | quarkus-http-core-3.0.18.Final.jar (37/932 kB) | quarkus-http-http-core-3.0.18.Final.jar (22/39 kB)Progress (3): quarkus-http-servlet-3.0.18.Final.jar (44/498 kB) | quarkus-http-core-3.0.18.Final.jar (37/932 kB) | quarkus-http-http-core-3.0.18.Final.jar (22/39 kB)Progress (3): quarkus-http-servlet-3.0.18.Final.jar (44/498 kB) | quarkus-http-core-3.0.18.Final.jar (37/932 kB) | quarkus-http-http-core-3.0.18.Final.jar (25/39 kB)Progress (3): quarkus-http-servlet-3.0.18.Final.jar (44/498 kB) | quarkus-http-core-3.0.18.Final.jar (41/932 kB) | quarkus-http-http-core-3.0.18.Final.jar (25/39 kB)Progress (3): quarkus-http-servlet-3.0.18.Final.jar (44/498 kB) | quarkus-http-core-3.0.18.Final.jar (41/932 kB) | quarkus-http-http-core-3.0.18.Final.jar (27/39 kB)Progress (3): quarkus-http-servlet-3.0.18.Final.jar (47/498 kB) | quarkus-http-core-3.0.18.Final.jar (41/932 kB) | quarkus-http-http-core-3.0.18.Final.jar (27/39 kB)Progress (3): quarkus-http-servlet-3.0.18.Final.jar (47/498 kB) | quarkus-http-core-3.0.18.Final.jar (41/932 kB) | quarkus-http-http-core-3.0.18.Final.jar (30/39 kB)Progress (3): quarkus-http-servlet-3.0.18.Final.jar (49/498 kB) | quarkus-http-core-3.0.18.Final.jar (41/932 kB) | quarkus-http-http-core-3.0.18.Final.jar (30/39 kB)Progress (3): quarkus-http-servlet-3.0.18.Final.jar (49/498 kB) | quarkus-http-core-3.0.18.Final.jar (41/932 kB) | quarkus-http-http-core-3.0.18.Final.jar (33/39 kB)Progress (3): quarkus-http-servlet-3.0.18.Final.jar (52/498 kB) | quarkus-http-core-3.0.18.Final.jar (41/932 kB) | quarkus-http-http-core-3.0.18.Final.jar (33/39 kB)Progress (3): quarkus-http-servlet-3.0.18.Final.jar (52/498 kB) | quarkus-http-core-3.0.18.Final.jar (45/932 kB) | quarkus-http-http-core-3.0.18.Final.jar (33/39 kB)Progress (3): quarkus-http-servlet-3.0.18.Final.jar (52/498 kB) | quarkus-http-core-3.0.18.Final.jar (45/932 kB) | quarkus-http-http-core-3.0.18.Final.jar (36/39 kB)Progress (3): quarkus-http-servlet-3.0.18.Final.jar (55/498 kB) | quarkus-http-core-3.0.18.Final.jar (45/932 kB) | quarkus-http-http-core-3.0.18.Final.jar (36/39 kB)Progress (3): quarkus-http-servlet-3.0.18.Final.jar (55/498 kB) | quarkus-http-core-3.0.18.Final.jar (45/932 kB) | quarkus-http-http-core-3.0.18.Final.jar (38/39 kB)Progress (3): quarkus-http-servlet-3.0.18.Final.jar (55/498 kB) | quarkus-http-core-3.0.18.Final.jar (49/932 kB) | quarkus-http-http-core-3.0.18.Final.jar (38/39 kB)Progress (3): quarkus-http-servlet-3.0.18.Final.jar (58/498 kB) | quarkus-http-core-3.0.18.Final.jar (49/932 kB) | quarkus-http-http-core-3.0.18.Final.jar (38/39 kB)Progress (3): quarkus-http-servlet-3.0.18.Final.jar (58/498 kB) | quarkus-http-core-3.0.18.Final.jar (49/932 kB) | quarkus-http-http-core-3.0.18.Final.jar (39 kB)   Progress (3): quarkus-http-servlet-3.0.18.Final.jar (58/498 kB) | quarkus-http-core-3.0.18.Final.jar (53/932 kB) | quarkus-http-http-core-3.0.18.Final.jar (39 kB)Progress (3): quarkus-http-servlet-3.0.18.Final.jar (60/498 kB) | quarkus-http-core-3.0.18.Final.jar (53/932 kB) | quarkus-http-http-core-3.0.18.Final.jar (39 kB)Progress (3): quarkus-http-servlet-3.0.18.Final.jar (63/498 kB) | quarkus-http-core-3.0.18.Final.jar (53/932 kB) | quarkus-http-http-core-3.0.18.Final.jar (39 kB)Progress (3): quarkus-http-servlet-3.0.18.Final.jar (66/498 kB) | quarkus-http-core-3.0.18.Final.jar (53/932 kB) | quarkus-http-http-core-3.0.18.Final.jar (39 kB)Progress (3): quarkus-http-servlet-3.0.18.Final.jar (69/498 kB) | quarkus-http-core-3.0.18.Final.jar (53/932 kB) | quarkus-http-http-core-3.0.18.Final.jar (39 kB)Progress (3): quarkus-http-servlet-3.0.18.Final.jar (69/498 kB) | quarkus-http-core-3.0.18.Final.jar (58/932 kB) | quarkus-http-http-core-3.0.18.Final.jar (39 kB)Progress (3): quarkus-http-servlet-3.0.18.Final.jar (71/498 kB) | quarkus-http-core-3.0.18.Final.jar (58/932 kB) | quarkus-http-http-core-3.0.18.Final.jar (39 kB)Progress (3): quarkus-http-servlet-3.0.18.Final.jar (71/498 kB) | quarkus-http-core-3.0.18.Final.jar (62/932 kB) | quarkus-http-http-core-3.0.18.Final.jar (39 kB)Progress (3): quarkus-http-servlet-3.0.18.Final.jar (74/498 kB) | quarkus-http-core-3.0.18.Final.jar (62/932 kB) | quarkus-http-http-core-3.0.18.Final.jar (39 kB)Progress (3): quarkus-http-servlet-3.0.18.Final.jar (74/498 kB) | quarkus-http-core-3.0.18.Final.jar (66/932 kB) | quarkus-http-http-core-3.0.18.Final.jar (39 kB)Progress (3): quarkus-http-servlet-3.0.18.Final.jar (77/498 kB) | quarkus-http-core-3.0.18.Final.jar (66/932 kB) | quarkus-http-http-core-3.0.18.Final.jar (39 kB)Progress (3): quarkus-http-servlet-3.0.18.Final.jar (77/498 kB) | quarkus-http-core-3.0.18.Final.jar (70/932 kB) | quarkus-http-http-core-3.0.18.Final.jar (39 kB)Progress (3): quarkus-http-servlet-3.0.18.Final.jar (80/498 kB) | quarkus-http-core-3.0.18.Final.jar (70/932 kB) | quarkus-http-http-core-3.0.18.Final.jar (39 kB)Progress (3): quarkus-http-servlet-3.0.18.Final.jar (82/498 kB) | quarkus-http-core-3.0.18.Final.jar (70/932 kB) | quarkus-http-http-core-3.0.18.Final.jar (39 kB)Progress (3): quarkus-http-servlet-3.0.18.Final.jar (85/498 kB) | quarkus-http-core-3.0.18.Final.jar (70/932 kB) | quarkus-http-http-core-3.0.18.Final.jar (39 kB)Progress (3): quarkus-http-servlet-3.0.18.Final.jar (85/498 kB) | quarkus-http-core-3.0.18.Final.jar (74/932 kB) | quarkus-http-http-core-3.0.18.Final.jar (39 kB)Progress (3): quarkus-http-servlet-3.0.18.Final.jar (88/498 kB) | quarkus-http-core-3.0.18.Final.jar (74/932 kB) | quarkus-http-http-core-3.0.18.Final.jar (39 kB)Progress (3): quarkus-http-servlet-3.0.18.Final.jar (88/498 kB) | quarkus-http-core-3.0.18.Final.jar (78/932 kB) | quarkus-http-http-core-3.0.18.Final.jar (39 kB)Progress (3): quarkus-http-servlet-3.0.18.Final.jar (90/498 kB) | quarkus-http-core-3.0.18.Final.jar (78/932 kB) | quarkus-http-http-core-3.0.18.Final.jar (39 kB)Progress (3): quarkus-http-servlet-3.0.18.Final.jar (90/498 kB) | quarkus-http-core-3.0.18.Final.jar (82/932 kB) | quarkus-http-http-core-3.0.18.Final.jar (39 kB)Progress (3): quarkus-http-servlet-3.0.18.Final.jar (93/498 kB) | quarkus-http-core-3.0.18.Final.jar (82/932 kB) | quarkus-http-http-core-3.0.18.Final.jar (39 kB)Progress (3): quarkus-http-servlet-3.0.18.Final.jar (93/498 kB) | quarkus-http-core-3.0.18.Final.jar (86/932 kB) | quarkus-http-http-core-3.0.18.Final.jar (39 kB)Progress (3): quarkus-http-servlet-3.0.18.Final.jar (96/498 kB) | quarkus-http-core-3.0.18.Final.jar (86/932 kB) | quarkus-http-http-core-3.0.18.Final.jar (39 kB)Progress (3): quarkus-http-servlet-3.0.18.Final.jar (96/498 kB) | quarkus-http-core-3.0.18.Final.jar (90/932 kB) | quarkus-http-http-core-3.0.18.Final.jar (39 kB)Progress (3): quarkus-http-servlet-3.0.18.Final.jar (99/498 kB) | quarkus-http-core-3.0.18.Final.jar (90/932 kB) | quarkus-http-http-core-3.0.18.Final.jar (39 kB)Progress (3): quarkus-http-servlet-3.0.18.Final.jar (99/498 kB) | quarkus-http-core-3.0.18.Final.jar (95/932 kB) | quarkus-http-http-core-3.0.18.Final.jar (39 kB)                                                                                                                                                                  Downloaded from central: https://repo.maven.apache.org/maven2/io/quarkus/http/quarkus-http-http-core/3.0.18.Final/quarkus-http-http-core-3.0.18.Final.jar (39 kB at 454 kB/s)
Downloading from central: https://repo.maven.apache.org/maven2/jakarta/servlet/jakarta.servlet-api/4.0.3/jakarta.servlet-api-4.0.3.jar
Progress (2): quarkus-http-servlet-3.0.18.Final.jar (101/498 kB) | quarkus-http-core-3.0.18.Final.jar (95/932 kB)Progress (2): quarkus-http-servlet-3.0.18.Final.jar (101/498 kB) | quarkus-http-core-3.0.18.Final.jar (99/932 kB)Progress (2): quarkus-http-servlet-3.0.18.Final.jar (104/498 kB) | quarkus-http-core-3.0.18.Final.jar (99/932 kB)Progress (2): quarkus-http-servlet-3.0.18.Final.jar (107/498 kB) | quarkus-http-core-3.0.18.Final.jar (99/932 kB)Progress (2): quarkus-http-servlet-3.0.18.Final.jar (107/498 kB) | quarkus-http-core-3.0.18.Final.jar (103/932 kB)Progress (2): quarkus-http-servlet-3.0.18.Final.jar (110/498 kB) | quarkus-http-core-3.0.18.Final.jar (103/932 kB)Progress (2): quarkus-http-servlet-3.0.18.Final.jar (110/498 kB) | quarkus-http-core-3.0.18.Final.jar (107/932 kB)Progress (2): quarkus-http-servlet-3.0.18.Final.jar (112/498 kB) | quarkus-http-core-3.0.18.Final.jar (107/932 kB)Progress (2): quarkus-http-servlet-3.0.18.Final.jar (115/498 kB) | quarkus-http-core-3.0.18.Final.jar (107/932 kB)Progress (2): quarkus-http-servlet-3.0.18.Final.jar (115/498 kB) | quarkus-http-core-3.0.18.Final.jar (111/932 kB)Progress (2): quarkus-http-servlet-3.0.18.Final.jar (118/498 kB) | quarkus-http-core-3.0.18.Final.jar (111/932 kB)Progress (2): quarkus-http-servlet-3.0.18.Final.jar (118/498 kB) | quarkus-http-core-3.0.18.Final.jar (115/932 kB)Progress (2): quarkus-http-servlet-3.0.18.Final.jar (121/498 kB) | quarkus-http-core-3.0.18.Final.jar (115/932 kB)Progress (2): quarkus-http-servlet-3.0.18.Final.jar (123/498 kB) | quarkus-http-core-3.0.18.Final.jar (115/932 kB)Progress (2): quarkus-http-servlet-3.0.18.Final.jar (126/498 kB) | quarkus-http-core-3.0.18.Final.jar (115/932 kB)Progress (2): quarkus-http-servlet-3.0.18.Final.jar (126/498 kB) | quarkus-http-core-3.0.18.Final.jar (119/932 kB)Progress (2): quarkus-http-servlet-3.0.18.Final.jar (129/498 kB) | quarkus-http-core-3.0.18.Final.jar (119/932 kB)Progress (2): quarkus-http-servlet-3.0.18.Final.jar (129/498 kB) | quarkus-http-core-3.0.18.Final.jar (123/932 kB)Progress (2): quarkus-http-servlet-3.0.18.Final.jar (129/498 kB) | quarkus-http-core-3.0.18.Final.jar (128/932 kB)Progress (2): quarkus-http-servlet-3.0.18.Final.jar (132/498 kB) | quarkus-http-core-3.0.18.Final.jar (128/932 kB)Progress (2): quarkus-http-servlet-3.0.18.Final.jar (132/498 kB) | quarkus-http-core-3.0.18.Final.jar (132/932 kB)Progress (2): quarkus-http-servlet-3.0.18.Final.jar (134/498 kB) | quarkus-http-core-3.0.18.Final.jar (132/932 kB)Progress (2): quarkus-http-servlet-3.0.18.Final.jar (137/498 kB) | quarkus-http-core-3.0.18.Final.jar (132/932 kB)Progress (2): quarkus-http-servlet-3.0.18.Final.jar (137/498 kB) | quarkus-http-core-3.0.18.Final.jar (136/932 kB)Progress (2): quarkus-http-servlet-3.0.18.Final.jar (140/498 kB) | quarkus-http-core-3.0.18.Final.jar (136/932 kB)Progress (2): quarkus-http-servlet-3.0.18.Final.jar (140/498 kB) | quarkus-http-core-3.0.18.Final.jar (140/932 kB)Progress (2): quarkus-http-servlet-3.0.18.Final.jar (143/498 kB) | quarkus-http-core-3.0.18.Final.jar (140/932 kB)Progress (2): quarkus-http-servlet-3.0.18.Final.jar (143/498 kB) | quarkus-http-core-3.0.18.Final.jar (144/932 kB)Progress (2): quarkus-http-servlet-3.0.18.Final.jar (145/498 kB) | quarkus-http-core-3.0.18.Final.jar (144/932 kB)Progress (2): quarkus-http-servlet-3.0.18.Final.jar (145/498 kB) | quarkus-http-core-3.0.18.Final.jar (148/932 kB)Progress (2): quarkus-http-servlet-3.0.18.Final.jar (148/498 kB) | quarkus-http-core-3.0.18.Final.jar (148/932 kB)Progress (2): quarkus-http-servlet-3.0.18.Final.jar (151/498 kB) | quarkus-http-core-3.0.18.Final.jar (148/932 kB)Progress (2): quarkus-http-servlet-3.0.18.Final.jar (151/498 kB) | quarkus-http-core-3.0.18.Final.jar (152/932 kB)Progress (2): quarkus-http-servlet-3.0.18.Final.jar (154/498 kB) | quarkus-http-core-3.0.18.Final.jar (152/932 kB)Progress (2): quarkus-http-servlet-3.0.18.Final.jar (154/498 kB) | quarkus-http-core-3.0.18.Final.jar (156/932 kB)Progress (2): quarkus-http-servlet-3.0.18.Final.jar (156/498 kB) | quarkus-http-core-3.0.18.Final.jar (156/932 kB)Progress (2): quarkus-http-servlet-3.0.18.Final.jar (156/498 kB) | quarkus-http-core-3.0.18.Final.jar (160/932 kB)Progress (2): quarkus-http-servlet-3.0.18.Final.jar (159/498 kB) | quarkus-http-core-3.0.18.Final.jar (160/932 kB)Progress (2): quarkus-http-servlet-3.0.18.Final.jar (159/498 kB) | quarkus-http-core-3.0.18.Final.jar (165/932 kB)Progress (2): quarkus-http-servlet-3.0.18.Final.jar (162/498 kB) | quarkus-http-core-3.0.18.Final.jar (165/932 kB)Progress (2): quarkus-http-servlet-3.0.18.Final.jar (165/498 kB) | quarkus-http-core-3.0.18.Final.jar (165/932 kB)Progress (2): quarkus-http-servlet-3.0.18.Final.jar (165/498 kB) | quarkus-http-core-3.0.18.Final.jar (169/932 kB)Progress (2): quarkus-http-servlet-3.0.18.Final.jar (167/498 kB) | quarkus-http-core-3.0.18.Final.jar (169/932 kB)Progress (2): quarkus-http-servlet-3.0.18.Final.jar (167/498 kB) | quarkus-http-core-3.0.18.Final.jar (173/932 kB)Progress (2): quarkus-http-servlet-3.0.18.Final.jar (170/498 kB) | quarkus-http-core-3.0.18.Final.jar (173/932 kB)Progress (2): quarkus-http-servlet-3.0.18.Final.jar (170/498 kB) | quarkus-http-core-3.0.18.Final.jar (177/932 kB)Progress (2): quarkus-http-servlet-3.0.18.Final.jar (173/498 kB) | quarkus-http-core-3.0.18.Final.jar (177/932 kB)Progress (2): quarkus-http-servlet-3.0.18.Final.jar (175/498 kB) | quarkus-http-core-3.0.18.Final.jar (177/932 kB)Progress (2): quarkus-http-servlet-3.0.18.Final.jar (175/498 kB) | quarkus-http-core-3.0.18.Final.jar (181/932 kB)Progress (3): quarkus-http-servlet-3.0.18.Final.jar (175/498 kB) | quarkus-http-core-3.0.18.Final.jar (181/932 kB) | jakarta.servlet-api-4.0.3.jar (2.7/83 kB)Progress (3): quarkus-http-servlet-3.0.18.Final.jar (178/498 kB) | quarkus-http-core-3.0.18.Final.jar (181/932 kB) | jakarta.servlet-api-4.0.3.jar (2.7/83 kB)Progress (3): quarkus-http-servlet-3.0.18.Final.jar (178/498 kB) | quarkus-http-core-3.0.18.Final.jar (185/932 kB) | jakarta.servlet-api-4.0.3.jar (2.7/83 kB)Progress (3): quarkus-http-servlet-3.0.18.Final.jar (181/498 kB) | quarkus-http-core-3.0.18.Final.jar (185/932 kB) | jakarta.servlet-api-4.0.3.jar (2.7/83 kB)Progress (3): quarkus-http-servlet-3.0.18.Final.jar (181/498 kB) | quarkus-http-core-3.0.18.Final.jar (185/932 kB) | jakarta.servlet-api-4.0.3.jar (5.5/83 kB)Progress (3): quarkus-http-servlet-3.0.18.Final.jar (184/498 kB) | quarkus-http-core-3.0.18.Final.jar (185/932 kB) | jakarta.servlet-api-4.0.3.jar (5.5/83 kB)Progress (3): quarkus-http-servlet-3.0.18.Final.jar (184/498 kB) | quarkus-http-core-3.0.18.Final.jar (185/932 kB) | jakarta.servlet-api-4.0.3.jar (8.2/83 kB)Progress (3): quarkus-http-servlet-3.0.18.Final.jar (186/498 kB) | quarkus-http-core-3.0.18.Final.jar (185/932 kB) | jakarta.servlet-api-4.0.3.jar (8.2/83 kB)Progress (3): quarkus-http-servlet-3.0.18.Final.jar (186/498 kB) | quarkus-http-core-3.0.18.Final.jar (185/932 kB) | jakarta.servlet-api-4.0.3.jar (11/83 kB) Progress (3): quarkus-http-servlet-3.0.18.Final.jar (189/498 kB) | quarkus-http-core-3.0.18.Final.jar (185/932 kB) | jakarta.servlet-api-4.0.3.jar (11/83 kB)Progress (3): quarkus-http-servlet-3.0.18.Final.jar (189/498 kB) | quarkus-http-core-3.0.18.Final.jar (185/932 kB) | jakarta.servlet-api-4.0.3.jar (14/83 kB)Progress (3): quarkus-http-servlet-3.0.18.Final.jar (192/498 kB) | quarkus-http-core-3.0.18.Final.jar (185/932 kB) | jakarta.servlet-api-4.0.3.jar (14/83 kB)Progress (3): quarkus-http-servlet-3.0.18.Final.jar (192/498 kB) | quarkus-http-core-3.0.18.Final.jar (185/932 kB) | jakarta.servlet-api-4.0.3.jar (16/83 kB)Progress (3): quarkus-http-servlet-3.0.18.Final.jar (195/498 kB) | quarkus-http-core-3.0.18.Final.jar (185/932 kB) | jakarta.servlet-api-4.0.3.jar (16/83 kB)Progress (3): quarkus-http-servlet-3.0.18.Final.jar (195/498 kB) | quarkus-http-core-3.0.18.Final.jar (185/932 kB) | jakarta.servlet-api-4.0.3.jar (19/83 kB)Progress (3): quarkus-http-servlet-3.0.18.Final.jar (195/498 kB) | quarkus-http-core-3.0.18.Final.jar (189/932 kB) | jakarta.servlet-api-4.0.3.jar (19/83 kB)Progress (3): quarkus-http-servlet-3.0.18.Final.jar (197/498 kB) | quarkus-http-core-3.0.18.Final.jar (189/932 kB) | jakarta.servlet-api-4.0.3.jar (19/83 kB)Progress (3): quarkus-http-servlet-3.0.18.Final.jar (197/498 kB) | quarkus-http-core-3.0.18.Final.jar (189/932 kB) | jakarta.servlet-api-4.0.3.jar (22/83 kB)Progress (3): quarkus-http-servlet-3.0.18.Final.jar (200/498 kB) | quarkus-http-core-3.0.18.Final.jar (189/932 kB) | jakarta.servlet-api-4.0.3.jar (22/83 kB)Progress (3): quarkus-http-servlet-3.0.18.Final.jar (200/498 kB) | quarkus-http-core-3.0.18.Final.jar (193/932 kB) | jakarta.servlet-api-4.0.3.jar (22/83 kB)Progress (3): quarkus-http-servlet-3.0.18.Final.jar (200/498 kB) | quarkus-http-core-3.0.18.Final.jar (193/932 kB) | jakarta.servlet-api-4.0.3.jar (25/83 kB)Progress (3): quarkus-http-servlet-3.0.18.Final.jar (203/498 kB) | quarkus-http-core-3.0.18.Final.jar (193/932 kB) | jakarta.servlet-api-4.0.3.jar (25/83 kB)Progress (3): quarkus-http-servlet-3.0.18.Final.jar (203/498 kB) | quarkus-http-core-3.0.18.Final.jar (197/932 kB) | jakarta.servlet-api-4.0.3.jar (25/83 kB)Progress (3): quarkus-http-servlet-3.0.18.Final.jar (206/498 kB) | quarkus-http-core-3.0.18.Final.jar (197/932 kB) | jakarta.servlet-api-4.0.3.jar (25/83 kB)Progress (3): quarkus-http-servlet-3.0.18.Final.jar (206/498 kB) | quarkus-http-core-3.0.18.Final.jar (197/932 kB) | jakarta.servlet-api-4.0.3.jar (27/83 kB)Progress (3): quarkus-http-servlet-3.0.18.Final.jar (206/498 kB) | quarkus-http-core-3.0.18.Final.jar (202/932 kB) | jakarta.servlet-api-4.0.3.jar (27/83 kB)Progress (3): quarkus-http-servlet-3.0.18.Final.jar (208/498 kB) | quarkus-http-core-3.0.18.Final.jar (202/932 kB) | jakarta.servlet-api-4.0.3.jar (27/83 kB)Progress (3): quarkus-http-servlet-3.0.18.Final.jar (208/498 kB) | quarkus-http-core-3.0.18.Final.jar (202/932 kB) | jakarta.servlet-api-4.0.3.jar (30/83 kB)Progress (3): quarkus-http-servlet-3.0.18.Final.jar (211/498 kB) | quarkus-http-core-3.0.18.Final.jar (202/932 kB) | jakarta.servlet-api-4.0.3.jar (30/83 kB)Progress (3): quarkus-http-servlet-3.0.18.Final.jar (211/498 kB) | quarkus-http-core-3.0.18.Final.jar (206/932 kB) | jakarta.servlet-api-4.0.3.jar (30/83 kB)Progress (3): quarkus-http-servlet-3.0.18.Final.jar (211/498 kB) | quarkus-http-core-3.0.18.Final.jar (206/932 kB) | jakarta.servlet-api-4.0.3.jar (33/83 kB)Progress (3): quarkus-http-servlet-3.0.18.Final.jar (214/498 kB) | quarkus-http-core-3.0.18.Final.jar (206/932 kB) | jakarta.servlet-api-4.0.3.jar (33/83 kB)Progress (3): quarkus-http-servlet-3.0.18.Final.jar (214/498 kB) | quarkus-http-core-3.0.18.Final.jar (210/932 kB) | jakarta.servlet-api-4.0.3.jar (33/83 kB)Progress (3): quarkus-http-servlet-3.0.18.Final.jar (214/498 kB) | quarkus-http-core-3.0.18.Final.jar (210/932 kB) | jakarta.servlet-api-4.0.3.jar (36/83 kB)Progress (3): quarkus-http-servlet-3.0.18.Final.jar (217/498 kB) | quarkus-http-core-3.0.18.Final.jar (210/932 kB) | jakarta.servlet-api-4.0.3.jar (36/83 kB)Progress (3): quarkus-http-servlet-3.0.18.Final.jar (217/498 kB) | quarkus-http-core-3.0.18.Final.jar (214/932 kB) | jakarta.servlet-api-4.0.3.jar (36/83 kB)Progress (3): quarkus-http-servlet-3.0.18.Final.jar (219/498 kB) | quarkus-http-core-3.0.18.Final.jar (214/932 kB) | jakarta.servlet-api-4.0.3.jar (36/83 kB)Progress (3): quarkus-http-servlet-3.0.18.Final.jar (219/498 kB) | quarkus-http-core-3.0.18.Final.jar (214/932 kB) | jakarta.servlet-api-4.0.3.jar (38/83 kB)Progress (3): quarkus-http-servlet-3.0.18.Final.jar (222/498 kB) | quarkus-http-core-3.0.18.Final.jar (214/932 kB) | jakarta.servlet-api-4.0.3.jar (38/83 kB)Progress (3): quarkus-http-servlet-3.0.18.Final.jar (222/498 kB) | quarkus-http-core-3.0.18.Final.jar (218/932 kB) | jakarta.servlet-api-4.0.3.jar (38/83 kB)Progress (3): quarkus-http-servlet-3.0.18.Final.jar (222/498 kB) | quarkus-http-core-3.0.18.Final.jar (218/932 kB) | jakarta.servlet-api-4.0.3.jar (41/83 kB)Progress (3): quarkus-http-servlet-3.0.18.Final.jar (225/498 kB) | quarkus-http-core-3.0.18.Final.jar (218/932 kB) | jakarta.servlet-api-4.0.3.jar (41/83 kB)Progress (3): quarkus-http-servlet-3.0.18.Final.jar (225/498 kB) | quarkus-http-core-3.0.18.Final.jar (222/932 kB) | jakarta.servlet-api-4.0.3.jar (41/83 kB)Progress (3): quarkus-http-servlet-3.0.18.Final.jar (225/498 kB) | quarkus-http-core-3.0.18.Final.jar (222/932 kB) | jakarta.servlet-api-4.0.3.jar (44/83 kB)Progress (3): quarkus-http-servlet-3.0.18.Final.jar (228/498 kB) | quarkus-http-core-3.0.18.Final.jar (222/932 kB) | jakarta.servlet-api-4.0.3.jar (44/83 kB)Progress (3): quarkus-http-servlet-3.0.18.Final.jar (228/498 kB) | quarkus-http-core-3.0.18.Final.jar (226/932 kB) | jakarta.servlet-api-4.0.3.jar (44/83 kB)Progress (3): quarkus-http-servlet-3.0.18.Final.jar (228/498 kB) | quarkus-http-core-3.0.18.Final.jar (226/932 kB) | jakarta.servlet-api-4.0.3.jar (47/83 kB)Progress (3): quarkus-http-servlet-3.0.18.Final.jar (230/498 kB) | quarkus-http-core-3.0.18.Final.jar (226/932 kB) | jakarta.servlet-api-4.0.3.jar (47/83 kB)Progress (3): quarkus-http-servlet-3.0.18.Final.jar (230/498 kB) | quarkus-http-core-3.0.18.Final.jar (226/932 kB) | jakarta.servlet-api-4.0.3.jar (49/83 kB)Progress (3): quarkus-http-servlet-3.0.18.Final.jar (230/498 kB) | quarkus-http-core-3.0.18.Final.jar (230/932 kB) | jakarta.servlet-api-4.0.3.jar (49/83 kB)Progress (3): quarkus-http-servlet-3.0.18.Final.jar (233/498 kB) | quarkus-http-core-3.0.18.Final.jar (230/932 kB) | jakarta.servlet-api-4.0.3.jar (49/83 kB)Progress (3): quarkus-http-servlet-3.0.18.Final.jar (233/498 kB) | quarkus-http-core-3.0.18.Final.jar (230/932 kB) | jakarta.servlet-api-4.0.3.jar (52/83 kB)Progress (3): quarkus-http-servlet-3.0.18.Final.jar (236/498 kB) | quarkus-http-core-3.0.18.Final.jar (230/932 kB) | jakarta.servlet-api-4.0.3.jar (52/83 kB)Progress (3): quarkus-http-servlet-3.0.18.Final.jar (236/498 kB) | quarkus-http-core-3.0.18.Final.jar (230/932 kB) | jakarta.servlet-api-4.0.3.jar (55/83 kB)Progress (3): quarkus-http-servlet-3.0.18.Final.jar (236/498 kB) | quarkus-http-core-3.0.18.Final.jar (234/932 kB) | jakarta.servlet-api-4.0.3.jar (55/83 kB)Progress (3): quarkus-http-servlet-3.0.18.Final.jar (236/498 kB) | quarkus-http-core-3.0.18.Final.jar (234/932 kB) | jakarta.servlet-api-4.0.3.jar (58/83 kB)Progress (3): quarkus-http-servlet-3.0.18.Final.jar (236/498 kB) | quarkus-http-core-3.0.18.Final.jar (239/932 kB) | jakarta.servlet-api-4.0.3.jar (58/83 kB)Progress (3): quarkus-http-servlet-3.0.18.Final.jar (239/498 kB) | quarkus-http-core-3.0.18.Final.jar (239/932 kB) | jakarta.servlet-api-4.0.3.jar (58/83 kB)Progress (3): quarkus-http-servlet-3.0.18.Final.jar (239/498 kB) | quarkus-http-core-3.0.18.Final.jar (239/932 kB) | jakarta.servlet-api-4.0.3.jar (60/83 kB)Progress (3): quarkus-http-servlet-3.0.18.Final.jar (239/498 kB) | quarkus-http-core-3.0.18.Final.jar (243/932 kB) | jakarta.servlet-api-4.0.3.jar (60/83 kB)Progress (3): quarkus-http-servlet-3.0.18.Final.jar (239/498 kB) | quarkus-http-core-3.0.18.Final.jar (243/932 kB) | jakarta.servlet-api-4.0.3.jar (63/83 kB)Progress (3): quarkus-http-servlet-3.0.18.Final.jar (239/498 kB) | quarkus-http-core-3.0.18.Final.jar (247/932 kB) | jakarta.servlet-api-4.0.3.jar (63/83 kB)Progress (3): quarkus-http-servlet-3.0.18.Final.jar (239/498 kB) | quarkus-http-core-3.0.18.Final.jar (247/932 kB) | jakarta.servlet-api-4.0.3.jar (66/83 kB)Progress (3): quarkus-http-servlet-3.0.18.Final.jar (239/498 kB) | quarkus-http-core-3.0.18.Final.jar (251/932 kB) | jakarta.servlet-api-4.0.3.jar (66/83 kB)Progress (3): quarkus-http-servlet-3.0.18.Final.jar (239/498 kB) | quarkus-http-core-3.0.18.Final.jar (251/932 kB) | jakarta.servlet-api-4.0.3.jar (69/83 kB)Progress (3): quarkus-http-servlet-3.0.18.Final.jar (239/498 kB) | quarkus-http-core-3.0.18.Final.jar (255/932 kB) | jakarta.servlet-api-4.0.3.jar (69/83 kB)Progress (3): quarkus-http-servlet-3.0.18.Final.jar (239/498 kB) | quarkus-http-core-3.0.18.Final.jar (255/932 kB) | jakarta.servlet-api-4.0.3.jar (71/83 kB)Progress (3): quarkus-http-servlet-3.0.18.Final.jar (239/498 kB) | quarkus-http-core-3.0.18.Final.jar (259/932 kB) | jakarta.servlet-api-4.0.3.jar (71/83 kB)Progress (3): quarkus-http-servlet-3.0.18.Final.jar (239/498 kB) | quarkus-http-core-3.0.18.Final.jar (259/932 kB) | jakarta.servlet-api-4.0.3.jar (74/83 kB)Progress (3): quarkus-http-servlet-3.0.18.Final.jar (239/498 kB) | quarkus-http-core-3.0.18.Final.jar (259/932 kB) | jakarta.servlet-api-4.0.3.jar (77/83 kB)Progress (3): quarkus-http-servlet-3.0.18.Final.jar (239/498 kB) | quarkus-http-core-3.0.18.Final.jar (263/932 kB) | jakarta.servlet-api-4.0.3.jar (77/83 kB)Progress (3): quarkus-http-servlet-3.0.18.Final.jar (239/498 kB) | quarkus-http-core-3.0.18.Final.jar (263/932 kB) | jakarta.servlet-api-4.0.3.jar (80/83 kB)Progress (3): quarkus-http-servlet-3.0.18.Final.jar (241/498 kB) | quarkus-http-core-3.0.18.Final.jar (263/932 kB) | jakarta.servlet-api-4.0.3.jar (80/83 kB)Progress (3): quarkus-http-servlet-3.0.18.Final.jar (241/498 kB) | quarkus-http-core-3.0.18.Final.jar (267/932 kB) | jakarta.servlet-api-4.0.3.jar (80/83 kB)Progress (3): quarkus-http-servlet-3.0.18.Final.jar (241/498 kB) | quarkus-http-core-3.0.18.Final.jar (267/932 kB) | jakarta.servlet-api-4.0.3.jar (82/83 kB)Progress (3): quarkus-http-servlet-3.0.18.Final.jar (241/498 kB) | quarkus-http-core-3.0.18.Final.jar (267/932 kB) | jakarta.servlet-api-4.0.3.jar (83 kB)   Progress (3): quarkus-http-servlet-3.0.18.Final.jar (241/498 kB) | quarkus-http-core-3.0.18.Final.jar (271/932 kB) | jakarta.servlet-api-4.0.3.jar (83 kB)Progress (3): quarkus-http-servlet-3.0.18.Final.jar (241/498 kB) | quarkus-http-core-3.0.18.Final.jar (276/932 kB) | jakarta.servlet-api-4.0.3.jar (83 kB)Progress (3): quarkus-http-servlet-3.0.18.Final.jar (241/498 kB) | quarkus-http-core-3.0.18.Final.jar (280/932 kB) | jakarta.servlet-api-4.0.3.jar (83 kB)Progress (3): quarkus-http-servlet-3.0.18.Final.jar (244/498 kB) | quarkus-http-core-3.0.18.Final.jar (280/932 kB) | jakarta.servlet-api-4.0.3.jar (83 kB)Progress (3): quarkus-http-servlet-3.0.18.Final.jar (244/498 kB) | quarkus-http-core-3.0.18.Final.jar (284/932 kB) | jakarta.servlet-api-4.0.3.jar (83 kB)Progress (3): quarkus-http-servlet-3.0.18.Final.jar (247/498 kB) | quarkus-http-core-3.0.18.Final.jar (284/932 kB) | jakarta.servlet-api-4.0.3.jar (83 kB)Progress (3): quarkus-http-servlet-3.0.18.Final.jar (247/498 kB) | quarkus-http-core-3.0.18.Final.jar (288/932 kB) | jakarta.servlet-api-4.0.3.jar (83 kB)Progress (3): quarkus-http-servlet-3.0.18.Final.jar (250/498 kB) | quarkus-http-core-3.0.18.Final.jar (288/932 kB) | jakarta.servlet-api-4.0.3.jar (83 kB)Progress (3): quarkus-http-servlet-3.0.18.Final.jar (250/498 kB) | quarkus-http-core-3.0.18.Final.jar (292/932 kB) | jakarta.servlet-api-4.0.3.jar (83 kB)Progress (3): quarkus-http-servlet-3.0.18.Final.jar (250/498 kB) | quarkus-http-core-3.0.18.Final.jar (296/932 kB) | jakarta.servlet-api-4.0.3.jar (83 kB)Progress (3): quarkus-http-servlet-3.0.18.Final.jar (252/498 kB) | quarkus-http-core-3.0.18.Final.jar (296/932 kB) | jakarta.servlet-api-4.0.3.jar (83 kB)Progress (3): quarkus-http-servlet-3.0.18.Final.jar (252/498 kB) | quarkus-http-core-3.0.18.Final.jar (300/932 kB) | jakarta.servlet-api-4.0.3.jar (83 kB)Progress (3): quarkus-http-servlet-3.0.18.Final.jar (255/498 kB) | quarkus-http-core-3.0.18.Final.jar (300/932 kB) | jakarta.servlet-api-4.0.3.jar (83 kB)Progress (3): quarkus-http-servlet-3.0.18.Final.jar (258/498 kB) | quarkus-http-core-3.0.18.Final.jar (300/932 kB) | jakarta.servlet-api-4.0.3.jar (83 kB)Progress (3): quarkus-http-servlet-3.0.18.Final.jar (258/498 kB) | quarkus-http-core-3.0.18.Final.jar (304/932 kB) | jakarta.servlet-api-4.0.3.jar (83 kB)Progress (3): quarkus-http-servlet-3.0.18.Final.jar (260/498 kB) | quarkus-http-core-3.0.18.Final.jar (304/932 kB) | jakarta.servlet-api-4.0.3.jar (83 kB)Progress (3): quarkus-http-servlet-3.0.18.Final.jar (260/498 kB) | quarkus-http-core-3.0.18.Final.jar (308/932 kB) | jakarta.servlet-api-4.0.3.jar (83 kB)Progress (3): quarkus-http-servlet-3.0.18.Final.jar (263/498 kB) | quarkus-http-core-3.0.18.Final.jar (308/932 kB) | jakarta.servlet-api-4.0.3.jar (83 kB)Progress (3): quarkus-http-servlet-3.0.18.Final.jar (266/498 kB) | quarkus-http-core-3.0.18.Final.jar (308/932 kB) | jakarta.servlet-api-4.0.3.jar (83 kB)Progress (3): quarkus-http-servlet-3.0.18.Final.jar (266/498 kB) | quarkus-http-core-3.0.18.Final.jar (313/932 kB) | jakarta.servlet-api-4.0.3.jar (83 kB)Progress (3): quarkus-http-servlet-3.0.18.Final.jar (269/498 kB) | quarkus-http-core-3.0.18.Final.jar (313/932 kB) | jakarta.servlet-api-4.0.3.jar (83 kB)Progress (3): quarkus-http-servlet-3.0.18.Final.jar (271/498 kB) | quarkus-http-core-3.0.18.Final.jar (313/932 kB) | jakarta.servlet-api-4.0.3.jar (83 kB)Progress (3): quarkus-http-servlet-3.0.18.Final.jar (271/498 kB) | quarkus-http-core-3.0.18.Final.jar (317/932 kB) | jakarta.servlet-api-4.0.3.jar (83 kB)Progress (3): quarkus-http-servlet-3.0.18.Final.jar (274/498 kB) | quarkus-http-core-3.0.18.Final.jar (317/932 kB) | jakarta.servlet-api-4.0.3.jar (83 kB)Progress (3): quarkus-http-servlet-3.0.18.Final.jar (274/498 kB) | quarkus-http-core-3.0.18.Final.jar (321/932 kB) | jakarta.servlet-api-4.0.3.jar (83 kB)Progress (3): quarkus-http-servlet-3.0.18.Final.jar (277/498 kB) | quarkus-http-core-3.0.18.Final.jar (321/932 kB) | jakarta.servlet-api-4.0.3.jar (83 kB)Progress (3): quarkus-http-servlet-3.0.18.Final.jar (280/498 kB) | quarkus-http-core-3.0.18.Final.jar (321/932 kB) | jakarta.servlet-api-4.0.3.jar (83 kB)Progress (3): quarkus-http-servlet-3.0.18.Final.jar (280/498 kB) | quarkus-http-core-3.0.18.Final.jar (325/932 kB) | jakarta.servlet-api-4.0.3.jar (83 kB)Progress (3): quarkus-http-servlet-3.0.18.Final.jar (282/498 kB) | quarkus-http-core-3.0.18.Final.jar (325/932 kB) | jakarta.servlet-api-4.0.3.jar (83 kB)Progress (3): quarkus-http-servlet-3.0.18.Final.jar (285/498 kB) | quarkus-http-core-3.0.18.Final.jar (325/932 kB) | jakarta.servlet-api-4.0.3.jar (83 kB)Progress (3): quarkus-http-servlet-3.0.18.Final.jar (285/498 kB) | quarkus-http-core-3.0.18.Final.jar (329/932 kB) | jakarta.servlet-api-4.0.3.jar (83 kB)Progress (3): quarkus-http-servlet-3.0.18.Final.jar (288/498 kB) | quarkus-http-core-3.0.18.Final.jar (329/932 kB) | jakarta.servlet-api-4.0.3.jar (83 kB)Progress (3): quarkus-http-servlet-3.0.18.Final.jar (291/498 kB) | quarkus-http-core-3.0.18.Final.jar (329/932 kB) | jakarta.servlet-api-4.0.3.jar (83 kB)Progress (3): quarkus-http-servlet-3.0.18.Final.jar (291/498 kB) | quarkus-http-core-3.0.18.Final.jar (333/932 kB) | jakarta.servlet-api-4.0.3.jar (83 kB)Progress (3): quarkus-http-servlet-3.0.18.Final.jar (293/498 kB) | quarkus-http-core-3.0.18.Final.jar (333/932 kB) | jakarta.servlet-api-4.0.3.jar (83 kB)Progress (4): quarkus-http-servlet-3.0.18.Final.jar (293/498 kB) | quarkus-http-core-3.0.18.Final.jar (333/932 kB) | jakarta.servlet-api-4.0.3.jar (83 kB) | quarkus-resteasy-common-deployment-1.12.0.Final.jar (2.7/22 kB)Progress (4): quarkus-http-servlet-3.0.18.Final.jar (293/498 kB) | quarkus-http-core-3.0.18.Final.jar (337/932 kB) | jakarta.servlet-api-4.0.3.jar (83 kB) | quarkus-resteasy-common-deployment-1.12.0.Final.jar (2.7/22 kB)                                                                                                                                                                                                                            Downloaded from central: https://repo.maven.apache.org/maven2/jakarta/servlet/jakarta.servlet-api/4.0.3/jakarta.servlet-api-4.0.3.jar (83 kB at 584 kB/s)
Progress (3): quarkus-http-servlet-3.0.18.Final.jar (296/498 kB) | quarkus-http-core-3.0.18.Final.jar (337/932 kB) | quarkus-resteasy-common-deployment-1.12.0.Final.jar (2.7/22 kB)Progress (3): quarkus-http-servlet-3.0.18.Final.jar (296/498 kB) | quarkus-http-core-3.0.18.Final.jar (337/932 kB) | quarkus-resteasy-common-deployment-1.12.0.Final.jar (5.5/22 kB)Progress (3): quarkus-http-servlet-3.0.18.Final.jar (299/498 kB) | quarkus-http-core-3.0.18.Final.jar (337/932 kB) | quarkus-resteasy-common-deployment-1.12.0.Final.jar (5.5/22 kB)Progress (3): quarkus-http-servlet-3.0.18.Final.jar (299/498 kB) | quarkus-http-core-3.0.18.Final.jar (341/932 kB) | quarkus-resteasy-common-deployment-1.12.0.Final.jar (5.5/22 kB)                                                                                                                                                                                    Downloading from central: https://repo.maven.apache.org/maven2/org/jboss/metadata/jboss-metadata-common/11.0.0.Final/jboss-metadata-common-11.0.0.Final.jar
Progress (3): quarkus-http-servlet-3.0.18.Final.jar (299/498 kB) | quarkus-http-core-3.0.18.Final.jar (341/932 kB) | quarkus-resteasy-common-deployment-1.12.0.Final.jar (8.2/22 kB)Progress (3): quarkus-http-servlet-3.0.18.Final.jar (302/498 kB) | quarkus-http-core-3.0.18.Final.jar (341/932 kB) | quarkus-resteasy-common-deployment-1.12.0.Final.jar (8.2/22 kB)Progress (3): quarkus-http-servlet-3.0.18.Final.jar (302/498 kB) | quarkus-http-core-3.0.18.Final.jar (341/932 kB) | quarkus-resteasy-common-deployment-1.12.0.Final.jar (11/22 kB) Progress (3): quarkus-http-servlet-3.0.18.Final.jar (302/498 kB) | quarkus-http-core-3.0.18.Final.jar (345/932 kB) | quarkus-resteasy-common-deployment-1.12.0.Final.jar (11/22 kB)Progress (3): quarkus-http-servlet-3.0.18.Final.jar (304/498 kB) | quarkus-http-core-3.0.18.Final.jar (345/932 kB) | quarkus-resteasy-common-deployment-1.12.0.Final.jar (11/22 kB)Progress (3): quarkus-http-servlet-3.0.18.Final.jar (304/498 kB) | quarkus-http-core-3.0.18.Final.jar (345/932 kB) | quarkus-resteasy-common-deployment-1.12.0.Final.jar (14/22 kB)Progress (3): quarkus-http-servlet-3.0.18.Final.jar (307/498 kB) | quarkus-http-core-3.0.18.Final.jar (345/932 kB) | quarkus-resteasy-common-deployment-1.12.0.Final.jar (14/22 kB)Progress (3): quarkus-http-servlet-3.0.18.Final.jar (307/498 kB) | quarkus-http-core-3.0.18.Final.jar (350/932 kB) | quarkus-resteasy-common-deployment-1.12.0.Final.jar (14/22 kB)Progress (3): quarkus-http-servlet-3.0.18.Final.jar (307/498 kB) | quarkus-http-core-3.0.18.Final.jar (350/932 kB) | quarkus-resteasy-common-deployment-1.12.0.Final.jar (16/22 kB)Progress (3): quarkus-http-servlet-3.0.18.Final.jar (310/498 kB) | quarkus-http-core-3.0.18.Final.jar (350/932 kB) | quarkus-resteasy-common-deployment-1.12.0.Final.jar (16/22 kB)Progress (3): quarkus-http-servlet-3.0.18.Final.jar (310/498 kB) | quarkus-http-core-3.0.18.Final.jar (350/932 kB) | quarkus-resteasy-common-deployment-1.12.0.Final.jar (19/22 kB)Progress (3): quarkus-http-servlet-3.0.18.Final.jar (313/498 kB) | quarkus-http-core-3.0.18.Final.jar (350/932 kB) | quarkus-resteasy-common-deployment-1.12.0.Final.jar (19/22 kB)Progress (3): quarkus-http-servlet-3.0.18.Final.jar (313/498 kB) | quarkus-http-core-3.0.18.Final.jar (354/932 kB) | quarkus-resteasy-common-deployment-1.12.0.Final.jar (19/22 kB)Progress (3): quarkus-http-servlet-3.0.18.Final.jar (313/498 kB) | quarkus-http-core-3.0.18.Final.jar (354/932 kB) | quarkus-resteasy-common-deployment-1.12.0.Final.jar (22/22 kB)Progress (3): quarkus-http-servlet-3.0.18.Final.jar (313/498 kB) | quarkus-http-core-3.0.18.Final.jar (354/932 kB) | quarkus-resteasy-common-deployment-1.12.0.Final.jar (22 kB)   Progress (3): quarkus-http-servlet-3.0.18.Final.jar (315/498 kB) | quarkus-http-core-3.0.18.Final.jar (354/932 kB) | quarkus-resteasy-common-deployment-1.12.0.Final.jar (22 kB)Progress (3): quarkus-http-servlet-3.0.18.Final.jar (315/498 kB) | quarkus-http-core-3.0.18.Final.jar (358/932 kB) | quarkus-resteasy-common-deployment-1.12.0.Final.jar (22 kB)Progress (3): quarkus-http-servlet-3.0.18.Final.jar (318/498 kB) | quarkus-http-core-3.0.18.Final.jar (358/932 kB) | quarkus-resteasy-common-deployment-1.12.0.Final.jar (22 kB)Progress (3): quarkus-http-servlet-3.0.18.Final.jar (321/498 kB) | quarkus-http-core-3.0.18.Final.jar (358/932 kB) | quarkus-resteasy-common-deployment-1.12.0.Final.jar (22 kB)Progress (3): quarkus-http-servlet-3.0.18.Final.jar (321/498 kB) | quarkus-http-core-3.0.18.Final.jar (362/932 kB) | quarkus-resteasy-common-deployment-1.12.0.Final.jar (22 kB)Progress (3): quarkus-http-servlet-3.0.18.Final.jar (321/498 kB) | quarkus-http-core-3.0.18.Final.jar (366/932 kB) | quarkus-resteasy-common-deployment-1.12.0.Final.jar (22 kB)Progress (3): quarkus-http-servlet-3.0.18.Final.jar (321/498 kB) | quarkus-http-core-3.0.18.Final.jar (370/932 kB) | quarkus-resteasy-common-deployment-1.12.0.Final.jar (22 kB)Progress (3): quarkus-http-servlet-3.0.18.Final.jar (321/498 kB) | quarkus-http-core-3.0.18.Final.jar (374/932 kB) | quarkus-resteasy-common-deployment-1.12.0.Final.jar (22 kB)Progress (3): quarkus-http-servlet-3.0.18.Final.jar (321/498 kB) | quarkus-http-core-3.0.18.Final.jar (378/932 kB) | quarkus-resteasy-common-deployment-1.12.0.Final.jar (22 kB)Progress (3): quarkus-http-servlet-3.0.18.Final.jar (324/498 kB) | quarkus-http-core-3.0.18.Final.jar (378/932 kB) | quarkus-resteasy-common-deployment-1.12.0.Final.jar (22 kB)Progress (3): quarkus-http-servlet-3.0.18.Final.jar (326/498 kB) | quarkus-http-core-3.0.18.Final.jar (378/932 kB) | quarkus-resteasy-common-deployment-1.12.0.Final.jar (22 kB)Progress (3): quarkus-http-servlet-3.0.18.Final.jar (326/498 kB) | quarkus-http-core-3.0.18.Final.jar (383/932 kB) | quarkus-resteasy-common-deployment-1.12.0.Final.jar (22 kB)Progress (3): quarkus-http-servlet-3.0.18.Final.jar (329/498 kB) | quarkus-http-core-3.0.18.Final.jar (383/932 kB) | quarkus-resteasy-common-deployment-1.12.0.Final.jar (22 kB)Progress (3): quarkus-http-servlet-3.0.18.Final.jar (329/498 kB) | quarkus-http-core-3.0.18.Final.jar (387/932 kB) | quarkus-resteasy-common-deployment-1.12.0.Final.jar (22 kB)Progress (3): quarkus-http-servlet-3.0.18.Final.jar (332/498 kB) | quarkus-http-core-3.0.18.Final.jar (387/932 kB) | quarkus-resteasy-common-deployment-1.12.0.Final.jar (22 kB)Progress (3): quarkus-http-servlet-3.0.18.Final.jar (332/498 kB) | quarkus-http-core-3.0.18.Final.jar (391/932 kB) | quarkus-resteasy-common-deployment-1.12.0.Final.jar (22 kB)Progress (3): quarkus-http-servlet-3.0.18.Final.jar (335/498 kB) | quarkus-http-core-3.0.18.Final.jar (391/932 kB) | quarkus-resteasy-common-deployment-1.12.0.Final.jar (22 kB)Progress (3): quarkus-http-servlet-3.0.18.Final.jar (337/498 kB) | quarkus-http-core-3.0.18.Final.jar (391/932 kB) | quarkus-resteasy-common-deployment-1.12.0.Final.jar (22 kB)Progress (3): quarkus-http-servlet-3.0.18.Final.jar (337/498 kB) | quarkus-http-core-3.0.18.Final.jar (395/932 kB) | quarkus-resteasy-common-deployment-1.12.0.Final.jar (22 kB)Progress (3): quarkus-http-servlet-3.0.18.Final.jar (340/498 kB) | quarkus-http-core-3.0.18.Final.jar (395/932 kB) | quarkus-resteasy-common-deployment-1.12.0.Final.jar (22 kB)Progress (3): quarkus-http-servlet-3.0.18.Final.jar (343/498 kB) | quarkus-http-core-3.0.18.Final.jar (395/932 kB) | quarkus-resteasy-common-deployment-1.12.0.Final.jar (22 kB)Progress (3): quarkus-http-servlet-3.0.18.Final.jar (343/498 kB) | quarkus-http-core-3.0.18.Final.jar (399/932 kB) | quarkus-resteasy-common-deployment-1.12.0.Final.jar (22 kB)Progress (3): quarkus-http-servlet-3.0.18.Final.jar (345/498 kB) | quarkus-http-core-3.0.18.Final.jar (399/932 kB) | quarkus-resteasy-common-deployment-1.12.0.Final.jar (22 kB)Progress (3): quarkus-http-servlet-3.0.18.Final.jar (348/498 kB) | quarkus-http-core-3.0.18.Final.jar (399/932 kB) | quarkus-resteasy-common-deployment-1.12.0.Final.jar (22 kB)Progress (3): quarkus-http-servlet-3.0.18.Final.jar (348/498 kB) | quarkus-http-core-3.0.18.Final.jar (403/932 kB) | quarkus-resteasy-common-deployment-1.12.0.Final.jar (22 kB)Progress (3): quarkus-http-servlet-3.0.18.Final.jar (351/498 kB) | quarkus-http-core-3.0.18.Final.jar (403/932 kB) | quarkus-resteasy-common-deployment-1.12.0.Final.jar (22 kB)Progress (3): quarkus-http-servlet-3.0.18.Final.jar (351/498 kB) | quarkus-http-core-3.0.18.Final.jar (407/932 kB) | quarkus-resteasy-common-deployment-1.12.0.Final.jar (22 kB)Progress (3): quarkus-http-servlet-3.0.18.Final.jar (354/498 kB) | quarkus-http-core-3.0.18.Final.jar (407/932 kB) | quarkus-resteasy-common-deployment-1.12.0.Final.jar (22 kB)Progress (3): quarkus-http-servlet-3.0.18.Final.jar (354/498 kB) | quarkus-http-core-3.0.18.Final.jar (411/932 kB) | quarkus-resteasy-common-deployment-1.12.0.Final.jar (22 kB)Progress (3): quarkus-http-servlet-3.0.18.Final.jar (356/498 kB) | quarkus-http-core-3.0.18.Final.jar (411/932 kB) | quarkus-resteasy-common-deployment-1.12.0.Final.jar (22 kB)Progress (3): quarkus-http-servlet-3.0.18.Final.jar (359/498 kB) | quarkus-http-core-3.0.18.Final.jar (411/932 kB) | quarkus-resteasy-common-deployment-1.12.0.Final.jar (22 kB)Progress (3): quarkus-http-servlet-3.0.18.Final.jar (359/498 kB) | quarkus-http-core-3.0.18.Final.jar (415/932 kB) | quarkus-resteasy-common-deployment-1.12.0.Final.jar (22 kB)Progress (3): quarkus-http-servlet-3.0.18.Final.jar (362/498 kB) | quarkus-http-core-3.0.18.Final.jar (415/932 kB) | quarkus-resteasy-common-deployment-1.12.0.Final.jar (22 kB)Progress (3): quarkus-http-servlet-3.0.18.Final.jar (365/498 kB) | quarkus-http-core-3.0.18.Final.jar (415/932 kB) | quarkus-resteasy-common-deployment-1.12.0.Final.jar (22 kB)Progress (3): quarkus-http-servlet-3.0.18.Final.jar (365/498 kB) | quarkus-http-core-3.0.18.Final.jar (420/932 kB) | quarkus-resteasy-common-deployment-1.12.0.Final.jar (22 kB)Progress (3): quarkus-http-servlet-3.0.18.Final.jar (367/498 kB) | quarkus-http-core-3.0.18.Final.jar (420/932 kB) | quarkus-resteasy-common-deployment-1.12.0.Final.jar
[...]
 kB) | smallrye-open-api-spring-2.0.22.jar (11/20 kB) Progress (4): smallrye-open-api-ui-2.0.22.jar (2.3/2.3 MB) | quarkus-smallrye-openapi-common-deployment-1.12.0.Final.jar (4.4 kB) | quarkus-swagger-ui-deployment-1.12.0.Final.jar (18 kB) | smallrye-open-api-spring-2.0.22.jar (14/20 kB)Progress (4): smallrye-open-api-ui-2.0.22.jar (2.3 MB) | quarkus-smallrye-openapi-common-deployment-1.12.0.Final.jar (4.4 kB) | quarkus-swagger-ui-deployment-1.12.0.Final.jar (18 kB) | smallrye-open-api-spring-2.0.22.jar (14/20 kB)    Progress (4): smallrye-open-api-ui-2.0.22.jar (2.3 MB) | quarkus-smallrye-openapi-common-deployment-1.12.0.Final.jar (4.4 kB) | quarkus-swagger-ui-deployment-1.12.0.Final.jar (18 kB) | smallrye-open-api-spring-2.0.22.jar (16/20 kB)Progress (4): smallrye-open-api-ui-2.0.22.jar (2.3 MB) | quarkus-smallrye-openapi-common-deployment-1.12.0.Final.jar (4.4 kB) | quarkus-swagger-ui-deployment-1.12.0.Final.jar (18 kB) | smallrye-open-api-spring-2.0.22.jar (19/20 kB)Progress (4): smallrye-open-api-ui-2.0.22.jar (2.3 MB) | quarkus-smallrye-openapi-common-deployment-1.12.0.Final.jar (4.4 kB) | quarkus-swagger-ui-deployment-1.12.0.Final.jar (18 kB) | smallrye-open-api-spring-2.0.22.jar (20 kB)   Progress (5): smallrye-open-api-ui-2.0.22.jar (2.3 MB) | quarkus-smallrye-openapi-common-deployment-1.12.0.Final.jar (4.4 kB) | quarkus-swagger-ui-deployment-1.12.0.Final.jar (18 kB) | smallrye-open-api-spring-2.0.22.jar (20 kB) | smallrye-open-api-vertx-2.0.22.jar (4.1/20 kB)Progress (5): smallrye-open-api-ui-2.0.22.jar (2.3 MB) | quarkus-smallrye-openapi-common-deployment-1.12.0.Final.jar (4.4 kB) | quarkus-swagger-ui-deployment-1.12.0.Final.jar (18 kB) | smallrye-open-api-spring-2.0.22.jar (20 kB) | smallrye-open-api-vertx-2.0.22.jar (8.2/20 kB)Progress (5): smallrye-open-api-ui-2.0.22.jar (2.3 MB) | quarkus-smallrye-openapi-common-deployment-1.12.0.Final.jar (4.4 kB) | quarkus-swagger-ui-deployment-1.12.0.Final.jar (18 kB) | smallrye-open-api-spring-2.0.22.jar (20 kB) | smallrye-open-api-vertx-2.0.22.jar (12/20 kB)                                                                                                                                                                                                                                                                                     Downloaded from central: https://repo.maven.apache.org/maven2/io/smallrye/smallrye-open-api-ui/2.0.22/smallrye-open-api-ui-2.0.22.jar (2.3 MB at 1.3 MB/s)
Downloading from central: https://repo.maven.apache.org/maven2/io/quarkus/quarkus-smallrye-openapi-deployment/1.12.0.Final/quarkus-smallrye-openapi-deployment-1.12.0.Final.jar
Progress (4): quarkus-smallrye-openapi-common-deployment-1.12.0.Final.jar (4.4 kB) | quarkus-swagger-ui-deployment-1.12.0.Final.jar (18 kB) | smallrye-open-api-spring-2.0.22.jar (20 kB) | smallrye-open-api-vertx-2.0.22.jar (16/20 kB)Progress (4): quarkus-smallrye-openapi-common-deployment-1.12.0.Final.jar (4.4 kB) | quarkus-swagger-ui-deployment-1.12.0.Final.jar (18 kB) | smallrye-open-api-spring-2.0.22.jar (20 kB) | smallrye-open-api-vertx-2.0.22.jar (20 kB)                                                                                                                                                                                                                                         Downloaded from central: https://repo.maven.apache.org/maven2/io/smallrye/smallrye-open-api-spring/2.0.22/smallrye-open-api-spring-2.0.22.jar (20 kB at 12 kB/s)
Downloading from central: https://repo.maven.apache.org/maven2/io/quarkus/quarkus-smallrye-health-spi/1.12.0.Final/quarkus-smallrye-health-spi-1.12.0.Final.jar
Downloaded from central: https://repo.maven.apache.org/maven2/io/smallrye/smallrye-open-api-vertx/2.0.22/smallrye-open-api-vertx-2.0.22.jar (20 kB at 12 kB/s)
Downloading from central: https://repo.maven.apache.org/maven2/io/smallrye/smallrye-health-ui/2.2.5/smallrye-health-ui-2.2.5.jar
Progress (3): quarkus-smallrye-openapi-common-deployment-1.12.0.Final.jar (4.4 kB) | quarkus-swagger-ui-deployment-1.12.0.Final.jar (18 kB) | smallrye-health-ui-2.2.5.jar (4.1/85 kB)Progress (3): quarkus-smallrye-openapi-common-deployment-1.12.0.Final.jar (4.4 kB) | quarkus-swagger-ui-deployment-1.12.0.Final.jar (18 kB) | smallrye-health-ui-2.2.5.jar (8.2/85 kB)Progress (3): quarkus-smallrye-openapi-common-deployment-1.12.0.Final.jar (4.4 kB) | quarkus-swagger-ui-deployment-1.12.0.Final.jar (18 kB) | smallrye-health-ui-2.2.5.jar (12/85 kB) Progress (3): quarkus-smallrye-openapi-common-deployment-1.12.0.Final.jar (4.4 kB) | quarkus-swagger-ui-deployment-1.12.0.Final.jar (18 kB) | smallrye-health-ui-2.2.5.jar (16/85 kB)Progress (3): quarkus-smallrye-openapi-common-deployment-1.12.0.Final.jar (4.4 kB) | quarkus-swagger-ui-deployment-1.12.0.Final.jar (18 kB) | smallrye-health-ui-2.2.5.jar (20/85 kB)Progress (3): quarkus-smallrye-openapi-common-deployment-1.12.0.Final.jar (4.4 kB) | quarkus-swagger-ui-deployment-1.12.0.Final.jar (18 kB) | smallrye-health-ui-2.2.5.jar (25/85 kB)Progress (3): quarkus-smallrye-openapi-common-deployment-1.12.0.Final.jar (4.4 kB) | quarkus-swagger-ui-deployment-1.12.0.Final.jar (18 kB) | smallrye-health-ui-2.2.5.jar (29/85 kB)Progress (3): quarkus-smallrye-openapi-common-deployment-1.12.0.Final.jar (4.4 kB) | quarkus-swagger-ui-deployment-1.12.0.Final.jar (18 kB) | smallrye-health-ui-2.2.5.jar (33/85 kB)Progress (3): quarkus-smallrye-openapi-common-deployment-1.12.0.Final.jar (4.4 kB) | quarkus-swagger-ui-deployment-1.12.0.Final.jar (18 kB) | smallrye-health-ui-2.2.5.jar (37/85 kB)Progress (3): quarkus-smallrye-openapi-common-deployment-1.12.0.Final.jar (4.4 kB) | quarkus-swagger-ui-deployment-1.12.0.Final.jar (18 kB) | smallrye-health-ui-2.2.5.jar (41/85 kB)Progress (3): quarkus-smallrye-openapi-common-deployment-1.12.0.Final.jar (4.4 kB) | quarkus-swagger-ui-deployment-1.12.0.Final.jar (18 kB) | smallrye-health-ui-2.2.5.jar (45/85 kB)Progress (3): quarkus-smallrye-openapi-common-deployment-1.12.0.Final.jar (4.4 kB) | quarkus-swagger-ui-deployment-1.12.0.Final.jar (18 kB) | smallrye-health-ui-2.2.5.jar (49/85 kB)Progress (3): quarkus-smallrye-openapi-common-deployment-1.12.0.Final.jar (4.4 kB) | quarkus-swagger-ui-deployment-1.12.0.Final.jar (18 kB) | smallrye-health-ui-2.2.5.jar (53/85 kB)Progress (3): quarkus-smallrye-openapi-common-deployment-1.12.0.Final.jar (4.4 kB) | quarkus-swagger-ui-deployment-1.12.0.Final.jar (18 kB) | smallrye-health-ui-2.2.5.jar (57/85 kB)Progress (3): quarkus-smallrye-openapi-common-deployment-1.12.0.Final.jar (4.4 kB) | quarkus-swagger-ui-deployment-1.12.0.Final.jar (18 kB) | smallrye-health-ui-2.2.5.jar (61/85 kB)Progress (3): quarkus-smallrye-openapi-common-deployment-1.12.0.Final.jar (4.4 kB) | quarkus-swagger-ui-deployment-1.12.0.Final.jar (18 kB) | smallrye-health-ui-2.2.5.jar (66/85 kB)Progress (3): quarkus-smallrye-openapi-common-deployment-1.12.0.Final.jar (4.4 kB) | quarkus-swagger-ui-deployment-1.12.0.Final.jar (18 kB) | smallrye-health-ui-2.2.5.jar (70/85 kB)Progress (3): quarkus-smallrye-openapi-common-deployment-1.12.0.Final.jar (4.4 kB) | quarkus-swagger-ui-deployment-1.12.0.Final.jar (18 kB) | smallrye-health-ui-2.2.5.jar (74/85 kB)Progress (3): quarkus-smallrye-openapi-common-deployment-1.12.0.Final.jar (4.4 kB) | quarkus-swagger-ui-deployment-1.12.0.Final.jar (18 kB) | smallrye-health-ui-2.2.5.jar (78/85 kB)Progress (3): quarkus-smallrye-openapi-common-deployment-1.12.0.Final.jar (4.4 kB) | quarkus-swagger-ui-deployment-1.12.0.Final.jar (18 kB) | smallrye-health-ui-2.2.5.jar (82/85 kB)Progress (3): quarkus-smallrye-openapi-common-deployment-1.12.0.Final.jar (4.4 kB) | quarkus-swagger-ui-deployment-1.12.0.Final.jar (18 kB) | smallrye-health-ui-2.2.5.jar (85 kB)                                                                                                                                                                                     Downloaded from central: https://repo.maven.apache.org/maven2/io/smallrye/smallrye-health-ui/2.2.5/smallrye-health-ui-2.2.5.jar (85 kB at 49 kB/s)
Downloading from central: https://repo.maven.apache.org/maven2/io/quarkus/quarkus-smallrye-health-deployment/1.12.0.Final/quarkus-smallrye-health-deployment-1.12.0.Final.jar
Downloaded from central: https://repo.maven.apache.org/maven2/io/quarkus/quarkus-smallrye-openapi-common-deployment/1.12.0.Final/quarkus-smallrye-openapi-common-deployment-1.12.0.Final.jar (4.4 kB at 2.5 kB/s)
Downloading from central: https://repo.maven.apache.org/maven2/io/quarkus/quarkus-smallrye-metrics-spi/1.12.0.Final/quarkus-smallrye-metrics-spi-1.12.0.Final.jar
Downloaded from central: https://repo.maven.apache.org/maven2/io/quarkus/quarkus-swagger-ui-deployment/1.12.0.Final/quarkus-swagger-ui-deployment-1.12.0.Final.jar (18 kB at 10 kB/s)
Downloading from central: https://repo.maven.apache.org/maven2/io/quarkus/quarkus-smallrye-metrics-deployment/1.12.0.Final/quarkus-smallrye-metrics-deployment-1.12.0.Final.jar
Progress (1): quarkus-smallrye-health-spi-1.12.0.Final.jar (2.7/3.6 kB)Progress (1): quarkus-smallrye-health-spi-1.12.0.Final.jar (3.6 kB)    Progress (2): quarkus-smallrye-health-spi-1.12.0.Final.jar (3.6 kB) | quarkus-smallrye-health-deployment-1.12.0.Final.jar (4.1/25 kB)Progress (2): quarkus-smallrye-health-spi-1.12.0.Final.jar (3.6 kB) | quarkus-smallrye-health-deployment-1.12.0.Final.jar (8.2/25 kB)Progress (2): quarkus-smallrye-health-spi-1.12.0.Final.jar (3.6 kB) | quarkus-smallrye-health-deployment-1.12.0.Final.jar (12/25 kB) Progress (2): quarkus-smallrye-health-spi-1.12.0.Final.jar (3.6 kB) | quarkus-smallrye-health-deployment-1.12.0.Final.jar (16/25 kB)Progress (2): quarkus-smallrye-health-spi-1.12.0.Final.jar (3.6 kB) | quarkus-smallrye-health-deployment-1.12.0.Final.jar (20/25 kB)Progress (2): quarkus-smallrye-health-spi-1.12.0.Final.jar (3.6 kB) | quarkus-smallrye-health-deployment-1.12.0.Final.jar (25/25 kB)Progress (2): quarkus-smallrye-health-spi-1.12.0.Final.jar (3.6 kB) | quarkus-smallrye-health-deployment-1.12.0.Final.jar (25 kB)   Progress (3): quarkus-smallrye-health-spi-1.12.0.Final.jar (3.6 kB) | quarkus-smallrye-health-deployment-1.12.0.Final.jar (25 kB) | quarkus-smallrye-metrics-spi-1.12.0.Final.jar (4.1/6.2 kB)Progress (3): quarkus-smallrye-health-spi-1.12.0.Final.jar (3.6 kB) | quarkus-smallrye-health-deployment-1.12.0.Final.jar (25 kB) | quarkus-smallrye-metrics-spi-1.12.0.Final.jar (6.2 kB)    Progress (4): quarkus-smallrye-health-spi-1.12.0.Final.jar (3.6 kB) | quarkus-smallrye-health-deployment-1.12.0.Final.jar (25 kB) | quarkus-smallrye-metrics-spi-1.12.0.Final.jar (6.2 kB) | quarkus-smallrye-openapi-deployment-1.12.0.Final.jar (4.1/21 kB)Progress (4): quarkus-smallrye-health-spi-1.12.0.Final.jar (3.6 kB) | quarkus-smallrye-health-deployment-1.12.0.Final.jar (25 kB) | quarkus-smallrye-metrics-spi-1.12.0.Final.jar (6.2 kB) | quarkus-smallrye-openapi-deployment-1.12.0.Final.jar (8.2/21 kB)Progress (4): quarkus-smallrye-health-spi-1.12.0.Final.jar (3.6 kB) | quarkus-smallrye-health-deployment-1.12.0.Final.jar (25 kB) | quarkus-smallrye-metrics-spi-1.12.0.Final.jar (6.2 kB) | quarkus-smallrye-openapi-deployment-1.12.0.Final.jar (12/21 kB) Progress (4): quarkus-smallrye-health-spi-1.12.0.Final.jar (3.6 kB) | quarkus-smallrye-health-deployment-1.12.0.Final.jar (25 kB) | quarkus-smallrye-metrics-spi-1.12.0.Final.jar (6.2 kB) | quarkus-smallrye-openapi-deployment-1.12.0.Final.jar (16/21 kB)Progress (4): quarkus-smallrye-health-spi-1.12.0.Final.jar (3.6 kB) | quarkus-smallrye-health-deployment-1.12.0.Final.jar (25 kB) | quarkus-smallrye-metrics-spi-1.12.0.Final.jar (6.2 kB) | quarkus-smallrye-openapi-deployment-1.12.0.Final.jar (20/21 kB)Progress (4): quarkus-smallrye-health-spi-1.12.0.Final.jar (3.6 kB) | quarkus-smallrye-health-deployment-1.12.0.Final.jar (25 kB) | quarkus-smallrye-metrics-spi-1.12.0.Final.jar (6.2 kB) | quarkus-smallrye-openapi-deployment-1.12.0.Final.jar (21 kB)   Progress (5): quarkus-smallrye-health-spi-1.12.0.Final.jar (3.6 kB) | quarkus-smallrye-health-deployment-1.12.0.Final.jar (25 kB) | quarkus-smallrye-metrics-spi-1.12.0.Final.jar (6.2 kB) | quarkus-smallrye-openapi-deployment-1.12.0.Final.jar (21 kB) | quarkus-smallrye-metrics-deployment-1.12.0.Final.jar (4.1/34 kB)Progress (5): quarkus-smallrye-health-spi-1.12.0.Final.jar (3.6 kB) | quarkus-smallrye-health-deployment-1.12.0.Final.jar (25 kB) | quarkus-smallrye-metrics-spi-1.12.0.Final.jar (6.2 kB) | quarkus-smallrye-openapi-deployment-1.12.0.Final.jar (21 kB) | quarkus-smallrye-metrics-deployment-1.12.0.Final.jar (8.2/34 kB)Progress (5): quarkus-smallrye-health-spi-1.12.0.Final.jar (3.6 kB) | quarkus-smallrye-health-deployment-1.12.0.Final.jar (25 kB) | quarkus-smallrye-metrics-spi-1.12.0.Final.jar (6.2 kB) | quarkus-smallrye-openapi-deployment-1.12.0.Final.jar (21 kB) | quarkus-smallrye-metrics-deployment-1.12.0.Final.jar (12/34 kB) Progress (5): quarkus-smallrye-health-spi-1.12.0.Final.jar (3.6 kB) | quarkus-smallrye-health-deployment-1.12.0.Final.jar (25 kB) | quarkus-smallrye-metrics-spi-1.12.0.Final.jar (6.2 kB) | quarkus-smallrye-openapi-deployment-1.12.0.Final.jar (21 kB) | quarkus-smallrye-metrics-deployment-1.12.0.Final.jar (16/34 kB)Progress (5): quarkus-smallrye-health-spi-1.12.0.Final.jar (3.6 kB) | quarkus-smallrye-health-deployment-1.12.0.Final.jar (25 kB) | quarkus-smallrye-metrics-spi-1.12.0.Final.jar (6.2 kB) | quarkus-smallrye-openapi-deployment-1.12.0.Final.jar (21 kB) | quarkus-smallrye-metrics-deployment-1.12.0.Final.jar (20/34 kB)Progress (5): quarkus-smallrye-health-spi-1.12.0.Final.jar (3.6 kB) | quarkus-smallrye-health-deployment-1.12.0.Final.jar (25 kB) | quarkus-smallrye-metrics-spi-1.12.0.Final.jar (6.2 kB) | quarkus-smallrye-openapi-deployment-1.12.0.Final.jar (21 kB) | quarkus-smallrye-metrics-deployment-1.12.0.Final.jar (25/34 kB)Progress (5): quarkus-smallrye-health-spi-1.12.0.Final.jar (3.6 kB) | quarkus-smallrye-health-deployment-1.12.0.Final.jar (25 kB) | quarkus-smallrye-metrics-spi-1.12.0.Final.jar (6.2 kB) | quarkus-smallrye-openapi-deployment-1.12.0.Final.jar (21 kB) | quarkus-smallrye-metrics-deployment-1.12.0.Final.jar (29/34 kB)Progress (5): quarkus-smallrye-health-spi-1.12.0.Final.jar (3.6 kB) | quarkus-smallrye-health-deployment-1.12.0.Final.jar (25 kB) | quarkus-smallrye-metrics-spi-1.12.0.Final.jar (6.2 kB) | quarkus-smallrye-openapi-deployment-1.12.0.Final.jar (21 kB) | quarkus-smallrye-metrics-deployment-1.12.0.Final.jar (33/34 kB)Progress (5): quarkus-smallrye-health-spi-1.12.0.Final.jar (3.6 kB) | quarkus-smallrye-health-deployment-1.12.0.Final.jar (25 kB) | quarkus-smallrye-metrics-spi-1.12.0.Final.jar (6.2 kB) | quarkus-smallrye-openapi-deployment-1.12.0.Final.jar (21 kB) | quarkus-smallrye-metrics-deployment-1.12.0.Final.jar (34 kB)                                                                                                                                                                                                                                                                                                                           Downloaded from central: https://repo.maven.apache.org/maven2/io/quarkus/quarkus-smallrye-health-spi/1.12.0.Final/quarkus-smallrye-health-spi-1.12.0.Final.jar (3.6 kB at 1.9 kB/s)
Downloaded from central: https://repo.maven.apache.org/maven2/io/quarkus/quarkus-smallrye-metrics-spi/1.12.0.Final/quarkus-smallrye-metrics-spi-1.12.0.Final.jar (6.2 kB at 3.2 kB/s)
Downloaded from central: https://repo.maven.apache.org/maven2/io/quarkus/quarkus-smallrye-openapi-deployment/1.12.0.Final/quarkus-smallrye-openapi-deployment-1.12.0.Final.jar (21 kB at 10 kB/s)
Downloaded from central: https://repo.maven.apache.org/maven2/io/quarkus/quarkus-smallrye-health-deployment/1.12.0.Final/quarkus-smallrye-health-deployment-1.12.0.Final.jar (25 kB at 13 kB/s)
Downloaded from central: https://repo.maven.apache.org/maven2/io/quarkus/quarkus-smallrye-metrics-deployment/1.12.0.Final/quarkus-smallrye-metrics-deployment-1.12.0.Final.jar (34 kB at 17 kB/s)
Downloading from central: https://repo.maven.apache.org/maven2/io/quarkus/quarkus-bom-quarkus-platform-properties/1.12.0.Final/quarkus-bom-quarkus-platform-properties-1.12.0.Final.properties
Progress (1): quarkus-bom-quarkus-platform-properties-1.12.0.Final.properties (92 B)                                                                                    Downloaded from central: https://repo.maven.apache.org/maven2/io/quarkus/quarkus-bom-quarkus-platform-properties/1.12.0.Final/quarkus-bom-quarkus-platform-properties-1.12.0.Final.properties (92 B at 425 B/s)
]]></system-out>
  </testcase>
  <testcase name="shouldAddAnItem" classname="io.quarkus.workshop.superheroes.villain.VillainResourceTest" time="0">
    <skipped message="Boot failed" type="org.opentest4j.TestAbortedException">org.opentest4j.TestAbortedException: Boot failed
</skipped>
  </testcase>
  <testcase name="testUpdatingAnItem" classname="io.quarkus.workshop.superheroes.villain.VillainResourceTest" time="0">
    <skipped message="Boot failed" type="org.opentest4j.TestAbortedException">org.opentest4j.TestAbortedException: Boot failed
</skipped>
  </testcase>
  <testcase name="shouldRemoveAnItem" classname="io.quarkus.workshop.superheroes.villain.VillainResourceTest" time="0">
    <skipped message="Boot failed" type="org.opentest4j.TestAbortedException">org.opentest4j.TestAbortedException: Boot failed
</skipped>
  </testcase>
  <testcase name="shouldGetRandomVillain" classname="io.quarkus.workshop.superheroes.villain.VillainResourceTest" time="0">
    <skipped message="Boot failed" type="org.opentest4j.TestAbortedException">org.opentest4j.TestAbortedException: Boot failed
</skipped>
  </testcase>
  <testcase name="shouldPingSwaggerUI" classname="io.quarkus.workshop.superheroes.villain.VillainResourceTest" time="0">
    <skipped message="Boot failed" type="org.opentest4j.TestAbortedException">org.opentest4j.TestAbortedException: Boot failed
</skipped>
  </testcase>
  <testcase name="shouldPingMetrics" classname="io.quarkus.workshop.superheroes.villain.VillainResourceTest" time="0">
    <skipped message="Boot failed" type="org.opentest4j.TestAbortedException">org.opentest4j.TestAbortedException: Boot failed
</skipped>
  </testcase>
  <testcase name="shouldPingReadiness" classname="io.quarkus.workshop.superheroes.villain.VillainResourceTest" time="0">
    <skipped message="Boot failed" type="org.opentest4j.TestAbortedException">org.opentest4j.TestAbortedException: Boot failed
</skipped>
  </testcase>
  <testcase name="shouldNotAddInvalidItem" classname="io.quarkus.workshop.superheroes.villain.VillainResourceTest" time="0">
    <skipped message="Boot failed" type="org.opentest4j.TestAbortedException">org.opentest4j.TestAbortedException: Boot failed
</skipped>
  </testcase>
  <testcase name="shouldPingLiveness" classname="io.quarkus.workshop.superheroes.villain.VillainResourceTest" time="0">
    <skipped message="Boot failed" type="org.opentest4j.TestAbortedException">org.opentest4j.TestAbortedException: Boot failed
</skipped>
  </testcase>
  <testcase name="shouldNotGetUnknownVillain" classname="io.quarkus.workshop.superheroes.villain.VillainResourceTest" time="0">
    <skipped message="Boot failed" type="org.opentest4j.TestAbortedException">org.opentest4j.TestAbortedException: Boot failed
</skipped>
  </testcase>
  <testcase name="testHelloEndpoint" classname="io.quarkus.workshop.superheroes.villain.VillainResourceTest" time="0">
    <skipped message="Boot failed" type="org.opentest4j.TestAbortedException">org.opentest4j.TestAbortedException: Boot failed
</skipped>
  </testcase>
  <testcase name="shouldPingOpenAPI" classname="io.quarkus.workshop.superheroes.villain.VillainResourceTest" time="0">
    <skipped message="Boot failed" type="org.opentest4j.TestAbortedException">org.opentest4j.TestAbortedException: Boot failed
</skipped>
  </testcase>
</testsuite>